23-Mar-2026 10:16:49.581 INFO [main] org.apache.catalina.startup.VersionLoggerListener.log Server version name:   Apache Tomcat/10.1.50
23-Mar-2026 10:16:49.625 INFO [main] org.apache.catalina.startup.VersionLoggerListener.log Server built:          Dec 2 2025 22:57:41 UTC
23-Mar-2026 10:16:49.628 INFO [main] org.apache.catalina.startup.VersionLoggerListener.log Server version number: 10.1.50.0
23-Mar-2026 10:16:49.630 INFO [main] org.apache.catalina.startup.VersionLoggerListener.log OS Name:               Linux
23-Mar-2026 10:16:49.631 INFO [main] org.apache.catalina.startup.VersionLoggerListener.log OS Version:            6.8.0-1044-azure
23-Mar-2026 10:16:49.631 INFO [main] org.apache.catalina.startup.VersionLoggerListener.log Architecture:          amd64
23-Mar-2026 10:16:49.631 INFO [main] org.apache.catalina.startup.VersionLoggerListener.log Java Home:             /opt/java/11.0.14
23-Mar-2026 10:16:49.631 INFO [main] org.apache.catalina.startup.VersionLoggerListener.log JVM Version:           11.0.14.1+1-LTS
23-Mar-2026 10:16:49.631 INFO [main] org.apache.catalina.startup.VersionLoggerListener.log JVM Vendor:            Microsoft
23-Mar-2026 10:16:49.640 INFO [main] org.apache.catalina.startup.VersionLoggerListener.log CATALINA_BASE:         /workspaces/SSP/apache-tomcat-10.1.50
23-Mar-2026 10:16:49.641 INFO [main] org.apache.catalina.startup.VersionLoggerListener.log CATALINA_HOME:         /workspaces/SSP/apache-tomcat-10.1.50
23-Mar-2026 10:16:49.729 INFO [main] org.apache.catalina.startup.VersionLoggerListener.log Command line argument: -Djava.util.logging.config.file=/workspaces/SSP/apache-tomcat-10.1.50/conf/logging.properties
23-Mar-2026 10:16:49.729 INFO [main] org.apache.catalina.startup.VersionLoggerListener.log Command line argument: -Djava.util.logging.manager=org.apache.juli.ClassLoaderLogManager
23-Mar-2026 10:16:49.729 INFO [main] org.apache.catalina.startup.VersionLoggerListener.log Command line argument: -Djdk.tls.ephemeralDHKeySize=2048
23-Mar-2026 10:16:49.729 INFO [main] org.apache.catalina.startup.VersionLoggerListener.log Command line argument: -Djava.protocol.handler.pkgs=org.apache.catalina.webresources
23-Mar-2026 10:16:49.729 INFO [main] org.apache.catalina.startup.VersionLoggerListener.log Command line argument: -Dsun.io.useCanonCaches=false
23-Mar-2026 10:16:49.741 INFO [main] org.apache.catalina.startup.VersionLoggerListener.log Command line argument: -Dorg.apache.catalina.security.SecurityListener.UMASK=0027
23-Mar-2026 10:16:49.745 INFO [main] org.apache.catalina.startup.VersionLoggerListener.log Command line argument: --add-opens=java.base/java.lang=ALL-UNNAMED
23-Mar-2026 10:16:49.745 INFO [main] org.apache.catalina.startup.VersionLoggerListener.log Command line argument: --add-opens=java.base/java.lang.reflect=ALL-UNNAMED
23-Mar-2026 10:16:49.745 INFO [main] org.apache.catalina.startup.VersionLoggerListener.log Command line argument: --add-opens=java.base/java.io=ALL-UNNAMED
23-Mar-2026 10:16:49.745 INFO [main] org.apache.catalina.startup.VersionLoggerListener.log Command line argument: --add-opens=java.base/java.util=ALL-UNNAMED
23-Mar-2026 10:16:49.746 INFO [main] org.apache.catalina.startup.VersionLoggerListener.log Command line argument: --add-opens=java.base/java.util.concurrent=ALL-UNNAMED
23-Mar-2026 10:16:49.746 INFO [main] org.apache.catalina.startup.VersionLoggerListener.log Command line argument: --add-opens=java.rmi/sun.rmi.transport=ALL-UNNAMED
23-Mar-2026 10:16:49.746 INFO [main] org.apache.catalina.startup.VersionLoggerListener.log Command line argument: -Dcatalina.base=/workspaces/SSP/apache-tomcat-10.1.50
23-Mar-2026 10:16:49.746 INFO [main] org.apache.catalina.startup.VersionLoggerListener.log Command line argument: -Dcatalina.home=/workspaces/SSP/apache-tomcat-10.1.50
23-Mar-2026 10:16:49.746 INFO [main] org.apache.catalina.startup.VersionLoggerListener.log Command line argument: -Djava.io.tmpdir=/workspaces/SSP/apache-tomcat-10.1.50/temp
23-Mar-2026 10:16:49.790 INFO [main] org.apache.catalina.core.AprLifecycleListener.lifecycleEvent The Apache Tomcat Native library which allows using OpenSSL was not found on the java.library.path: [/usr/java/packages/lib:/usr/lib64:/lib64:/lib:/usr/lib]
23-Mar-2026 10:16:50.863 INFO [main] org.apache.coyote.AbstractProtocol.init Initializing ProtocolHandler ["http-nio-8081"]
23-Mar-2026 10:16:50.923 INFO [main] org.apache.catalina.startup.Catalina.load Server initialization in [1792] milliseconds
23-Mar-2026 10:16:50.993 INFO [main] org.apache.catalina.core.StandardService.startInternal Starting service [Catalina]
23-Mar-2026 10:16:50.994 INFO [main] org.apache.catalina.core.StandardEngine.startInternal Starting Servlet engine: [Apache Tomcat/10.1.50]
23-Mar-2026 10:16:51.072 INFO [main] org.apache.catalina.startup.HostConfig.deployWAR Deploying web application archive [/workspaces/SSP/apache-tomcat-10.1.50/webapps/logform3138.war]
23-Mar-2026 10:16:51.613 INFO [main] org.apache.jasper.servlet.TldScanner.scanJars At least one JAR was scanned for TLDs yet contained no TLDs. Enable debug logging for this logger for a complete list of JARs that were scanned but no TLDs were found in them. Skipping unneeded JARs during scanning can improve startup time and JSP compilation time.
23-Mar-2026 10:16:51.649 INFO [main] org.apache.catalina.startup.HostConfig.deployWAR Deployment of web application archive [/workspaces/SSP/apache-tomcat-10.1.50/webapps/logform3138.war] has finished in [577] ms
23-Mar-2026 10:16:51.650 INFO [main] org.apache.catalina.startup.HostConfig.deployDirectory Deploying web application directory [/workspaces/SSP/apache-tomcat-10.1.50/webapps/docs]
23-Mar-2026 10:16:51.686 INFO [main] org.apache.catalina.startup.HostConfig.deployDirectory Deployment of web application directory [/workspaces/SSP/apache-tomcat-10.1.50/webapps/docs] has finished in [36] ms
23-Mar-2026 10:16:51.686 INFO [main] org.apache.catalina.startup.HostConfig.deployDirectory Deploying web application directory [/workspaces/SSP/apache-tomcat-10.1.50/webapps/examples]
23-Mar-2026 10:16:52.104 INFO [main] org.apache.catalina.startup.HostConfig.deployDirectory Deployment of web application directory [/workspaces/SSP/apache-tomcat-10.1.50/webapps/examples] has finished in [418] ms
23-Mar-2026 10:16:52.104 INFO [main] org.apache.catalina.startup.HostConfig.deployDirectory Deploying web application directory [/workspaces/SSP/apache-tomcat-10.1.50/webapps/manager]
23-Mar-2026 10:16:52.138 INFO [main] org.apache.catalina.startup.HostConfig.deployDirectory Deployment of web application directory [/workspaces/SSP/apache-tomcat-10.1.50/webapps/manager] has finished in [33] ms
23-Mar-2026 10:16:52.139 INFO [main] org.apache.catalina.startup.HostConfig.deployDirectory Deploying web application directory [/workspaces/SSP/apache-tomcat-10.1.50/webapps/host-manager]
23-Mar-2026 10:16:52.163 INFO [main] org.apache.catalina.startup.HostConfig.deployDirectory Deployment of web application directory [/workspaces/SSP/apache-tomcat-10.1.50/webapps/host-manager] has finished in [23] ms
23-Mar-2026 10:16:52.163 INFO [main] org.apache.catalina.startup.HostConfig.deployDirectory Deploying web application directory [/workspaces/SSP/apache-tomcat-10.1.50/webapps/ROOT]
23-Mar-2026 10:16:52.188 INFO [main] org.apache.catalina.startup.HostConfig.deployDirectory Deployment of web application directory [/workspaces/SSP/apache-tomcat-10.1.50/webapps/ROOT] has finished in [24] ms
23-Mar-2026 10:16:52.189 INFO [main] org.apache.catalina.startup.HostConfig.deployDirectory Deploying web application directory [/workspaces/SSP/apache-tomcat-10.1.50/webapps/Webpage]
23-Mar-2026 10:16:52.218 INFO [main] org.apache.catalina.startup.HostConfig.deployDirectory Deployment of web application directory [/workspaces/SSP/apache-tomcat-10.1.50/webapps/Webpage] has finished in [29] ms
23-Mar-2026 10:16:52.218 INFO [main] org.apache.catalina.startup.HostConfig.deployDirectory Deploying web application directory [/workspaces/SSP/apache-tomcat-10.1.50/webapps/StudentForm]
23-Mar-2026 10:16:52.370 INFO [main] org.apache.jasper.servlet.TldScanner.scanJars At least one JAR was scanned for TLDs yet contained no TLDs. Enable debug logging for this logger for a complete list of JARs that were scanned but no TLDs were found in them. Skipping unneeded JARs during scanning can improve startup time and JSP compilation time.
23-Mar-2026 10:16:52.372 INFO [main] org.apache.catalina.startup.HostConfig.deployDirectory Deployment of web application directory [/workspaces/SSP/apache-tomcat-10.1.50/webapps/StudentForm] has finished in [154] ms
23-Mar-2026 10:16:52.372 INFO [main] org.apache.catalina.startup.HostConfig.deployDirectory Deploying web application directory [/workspaces/SSP/apache-tomcat-10.1.50/webapps/ServletProject]
23-Mar-2026 10:16:52.391 INFO [main] org.apache.catalina.startup.HostConfig.deployDirectory Deployment of web application directory [/workspaces/SSP/apache-tomcat-10.1.50/webapps/ServletProject] has finished in [19] ms
23-Mar-2026 10:16:52.397 INFO [main] org.apache.coyote.AbstractProtocol.start Starting ProtocolHandler ["http-nio-8081"]
23-Mar-2026 10:16:52.413 INFO [main] org.apache.catalina.startup.Catalina.start Server startup in [1489] milliseconds
