17-Apr-2026 05:22:26.124 INFO [main] org.apache.catalina.startup.VersionLoggerListener.log Server version name:   Apache Tomcat/10.1.50
17-Apr-2026 05:22:26.126 INFO [main] org.apache.catalina.startup.VersionLoggerListener.log Server built:          Dec 2 2025 22:57:41 UTC
17-Apr-2026 05:22:26.126 INFO [main] org.apache.catalina.startup.VersionLoggerListener.log Server version number: 10.1.50.0
17-Apr-2026 05:22:26.126 INFO [main] org.apache.catalina.startup.VersionLoggerListener.log OS Name:               Linux
17-Apr-2026 05:22:26.126 INFO [main] org.apache.catalina.startup.VersionLoggerListener.log OS Version:            6.19.11-201.nobara.fc43.x86_64
17-Apr-2026 05:22:26.126 INFO [main] org.apache.catalina.startup.VersionLoggerListener.log Architecture:          amd64
17-Apr-2026 05:22:26.126 INFO [main] org.apache.catalina.startup.VersionLoggerListener.log Java Home:             /usr/lib/jvm/java-25-openjdk
17-Apr-2026 05:22:26.126 INFO [main] org.apache.catalina.startup.VersionLoggerListener.log JVM Version:           25.0.2+10
17-Apr-2026 05:22:26.127 INFO [main] org.apache.catalina.startup.VersionLoggerListener.log JVM Vendor:            Red Hat, Inc.
17-Apr-2026 05:22:26.127 INFO [main] org.apache.catalina.startup.VersionLoggerListener.log CATALINA_BASE:         /home/psw/Projects/SSP/apache-tomcat-10.1.50
17-Apr-2026 05:22:26.127 INFO [main] org.apache.catalina.startup.VersionLoggerListener.log CATALINA_HOME:         /home/psw/Projects/SSP/apache-tomcat-10.1.50
17-Apr-2026 05:22:26.131 INFO [main] org.apache.catalina.startup.VersionLoggerListener.log Command line argument: -Djava.util.logging.config.file=/home/psw/Projects/SSP/apache-tomcat-10.1.50/conf/logging.properties
17-Apr-2026 05:22:26.131 INFO [main] org.apache.catalina.startup.VersionLoggerListener.log Command line argument: -Djava.util.logging.manager=org.apache.juli.ClassLoaderLogManager
17-Apr-2026 05:22:26.131 INFO [main] org.apache.catalina.startup.VersionLoggerListener.log Command line argument: -Djdk.tls.ephemeralDHKeySize=2048
17-Apr-2026 05:22:26.131 INFO [main] org.apache.catalina.startup.VersionLoggerListener.log Command line argument: -Djava.protocol.handler.pkgs=org.apache.catalina.webresources
17-Apr-2026 05:22:26.131 INFO [main] org.apache.catalina.startup.VersionLoggerListener.log Command line argument: -Dsun.io.useCanonCaches=false
17-Apr-2026 05:22:26.131 INFO [main] org.apache.catalina.startup.VersionLoggerListener.log Command line argument: -Dorg.apache.catalina.security.SecurityListener.UMASK=0027
17-Apr-2026 05:22:26.132 INFO [main] org.apache.catalina.startup.VersionLoggerListener.log Command line argument: --add-opens=java.base/java.lang=ALL-UNNAMED
17-Apr-2026 05:22:26.132 INFO [main] org.apache.catalina.startup.VersionLoggerListener.log Command line argument: --add-opens=java.base/java.lang.reflect=ALL-UNNAMED
17-Apr-2026 05:22:26.132 INFO [main] org.apache.catalina.startup.VersionLoggerListener.log Command line argument: --add-opens=java.base/java.io=ALL-UNNAMED
17-Apr-2026 05:22:26.132 INFO [main] org.apache.catalina.startup.VersionLoggerListener.log Command line argument: --add-opens=java.base/java.util=ALL-UNNAMED
17-Apr-2026 05:22:26.132 INFO [main] org.apache.catalina.startup.VersionLoggerListener.log Command line argument: --add-opens=java.base/java.util.concurrent=ALL-UNNAMED
17-Apr-2026 05:22:26.132 INFO [main] org.apache.catalina.startup.VersionLoggerListener.log Command line argument: --add-opens=java.rmi/sun.rmi.transport=ALL-UNNAMED
17-Apr-2026 05:22:26.132 INFO [main] org.apache.catalina.startup.VersionLoggerListener.log Command line argument: -Dcatalina.base=/home/psw/Projects/SSP/apache-tomcat-10.1.50
17-Apr-2026 05:22:26.132 INFO [main] org.apache.catalina.startup.VersionLoggerListener.log Command line argument: -Dcatalina.home=/home/psw/Projects/SSP/apache-tomcat-10.1.50
17-Apr-2026 05:22:26.132 INFO [main] org.apache.catalina.startup.VersionLoggerListener.log Command line argument: -Djava.io.tmpdir=/home/psw/Projects/SSP/apache-tomcat-10.1.50/temp
17-Apr-2026 05:22:26.134 INFO [main] org.apache.catalina.core.AprLifecycleListener.lifecycleEvent The Apache Tomcat Native library which allows using OpenSSL was not found on the java.library.path: [/usr/java/packages/lib:/usr/lib64:/lib64:/lib:/usr/lib]
17-Apr-2026 05:22:26.270 INFO [main] org.apache.coyote.AbstractProtocol.init Initializing ProtocolHandler ["http-nio-8080"]
17-Apr-2026 05:22:26.282 INFO [main] org.apache.catalina.startup.Catalina.load Server initialization in [267] milliseconds
17-Apr-2026 05:22:26.300 INFO [main] org.apache.catalina.core.StandardService.startInternal Starting service [Catalina]
17-Apr-2026 05:22:26.300 INFO [main] org.apache.catalina.core.StandardEngine.startInternal Starting Servlet engine: [Apache Tomcat/10.1.50]
17-Apr-2026 05:22:26.311 INFO [main] org.apache.catalina.startup.HostConfig.deployWAR Deploying web application archive [/home/psw/Projects/SSP/apache-tomcat-10.1.50/webapps/logform3138.war]
17-Apr-2026 05:22:26.452 INFO [main] org.apache.jasper.servlet.TldScanner.scanJars At least one JAR was scanned for TLDs yet contained no TLDs. Enable debug logging for this logger for a complete list of JARs that were scanned but no TLDs were found in them. Skipping unneeded JARs during scanning can improve startup time and JSP compilation time.
17-Apr-2026 05:22:26.566 INFO [main] org.apache.catalina.startup.HostConfig.deployWAR Deployment of web application archive [/home/psw/Projects/SSP/apache-tomcat-10.1.50/webapps/logform3138.war] has finished in [253] ms
17-Apr-2026 05:22:26.567 INFO [main] org.apache.catalina.startup.HostConfig.deployWAR Deploying web application archive [/home/psw/Projects/SSP/apache-tomcat-10.1.50/webapps/Practical6.war]
17-Apr-2026 05:22:26.579 INFO [main] org.apache.catalina.startup.HostConfig.deployWAR Deployment of web application archive [/home/psw/Projects/SSP/apache-tomcat-10.1.50/webapps/Practical6.war] has finished in [12] ms
17-Apr-2026 05:22:26.579 INFO [main] org.apache.catalina.startup.HostConfig.deployDirectory Deploying web application directory [/home/psw/Projects/SSP/apache-tomcat-10.1.50/webapps/ROOT]
17-Apr-2026 05:22:26.587 INFO [main] org.apache.catalina.startup.HostConfig.deployDirectory Deployment of web application directory [/home/psw/Projects/SSP/apache-tomcat-10.1.50/webapps/ROOT] has finished in [8] ms
17-Apr-2026 05:22:26.587 INFO [main] org.apache.catalina.startup.HostConfig.deployDirectory Deploying web application directory [/home/psw/Projects/SSP/apache-tomcat-10.1.50/webapps/docs]
17-Apr-2026 05:22:26.597 INFO [main] org.apache.catalina.startup.HostConfig.deployDirectory Deployment of web application directory [/home/psw/Projects/SSP/apache-tomcat-10.1.50/webapps/docs] has finished in [10] ms
17-Apr-2026 05:22:26.597 INFO [main] org.apache.catalina.startup.HostConfig.deployDirectory Deploying web application directory [/home/psw/Projects/SSP/apache-tomcat-10.1.50/webapps/examples]
17-Apr-2026 05:22:26.682 INFO [main] org.apache.catalina.startup.HostConfig.deployDirectory Deployment of web application directory [/home/psw/Projects/SSP/apache-tomcat-10.1.50/webapps/examples] has finished in [85] ms
17-Apr-2026 05:22:26.682 INFO [main] org.apache.catalina.startup.HostConfig.deployDirectory Deploying web application directory [/home/psw/Projects/SSP/apache-tomcat-10.1.50/webapps/host-manager]
17-Apr-2026 05:22:26.692 INFO [main] org.apache.catalina.startup.HostConfig.deployDirectory Deployment of web application directory [/home/psw/Projects/SSP/apache-tomcat-10.1.50/webapps/host-manager] has finished in [10] ms
17-Apr-2026 05:22:26.692 INFO [main] org.apache.catalina.startup.HostConfig.deployDirectory Deploying web application directory [/home/psw/Projects/SSP/apache-tomcat-10.1.50/webapps/manager]
17-Apr-2026 05:22:26.700 INFO [main] org.apache.catalina.startup.HostConfig.deployDirectory Deployment of web application directory [/home/psw/Projects/SSP/apache-tomcat-10.1.50/webapps/manager] has finished in [8] ms
17-Apr-2026 05:22:26.701 INFO [main] org.apache.catalina.startup.HostConfig.deployDirectory Deploying web application directory [/home/psw/Projects/SSP/apache-tomcat-10.1.50/webapps/ServletProject]
17-Apr-2026 05:22:26.712 INFO [main] org.apache.catalina.startup.HostConfig.deployDirectory Deployment of web application directory [/home/psw/Projects/SSP/apache-tomcat-10.1.50/webapps/ServletProject] has finished in [11] ms
17-Apr-2026 05:22:26.712 INFO [main] org.apache.catalina.startup.HostConfig.deployDirectory Deploying web application directory [/home/psw/Projects/SSP/apache-tomcat-10.1.50/webapps/StudentForm]
17-Apr-2026 05:22:26.758 INFO [main] org.apache.jasper.servlet.TldScanner.scanJars At least one JAR was scanned for TLDs yet contained no TLDs. Enable debug logging for this logger for a complete list of JARs that were scanned but no TLDs were found in them. Skipping unneeded JARs during scanning can improve startup time and JSP compilation time.
17-Apr-2026 05:22:26.759 INFO [main] org.apache.catalina.startup.HostConfig.deployDirectory Deployment of web application directory [/home/psw/Projects/SSP/apache-tomcat-10.1.50/webapps/StudentForm] has finished in [47] ms
17-Apr-2026 05:22:26.759 INFO [main] org.apache.catalina.startup.HostConfig.deployDirectory Deploying web application directory [/home/psw/Projects/SSP/apache-tomcat-10.1.50/webapps/Webpage]
17-Apr-2026 05:22:26.766 INFO [main] org.apache.catalina.startup.HostConfig.deployDirectory Deployment of web application directory [/home/psw/Projects/SSP/apache-tomcat-10.1.50/webapps/Webpage] has finished in [7] ms
17-Apr-2026 05:22:26.766 INFO [main] org.apache.catalina.startup.HostConfig.deployDirectory Deploying web application directory [/home/psw/Projects/SSP/apache-tomcat-10.1.50/webapps/SSP6]
17-Apr-2026 05:22:26.773 INFO [main] org.apache.catalina.startup.HostConfig.deployDirectory Deployment of web application directory [/home/psw/Projects/SSP/apache-tomcat-10.1.50/webapps/SSP6] has finished in [7] ms
17-Apr-2026 05:22:26.776 INFO [main] org.apache.coyote.AbstractProtocol.start Starting ProtocolHandler ["http-nio-8080"]
17-Apr-2026 05:22:26.781 INFO [main] org.apache.catalina.startup.Catalina.start Server startup in [498] milliseconds
17-Apr-2026 05:40:06.863 INFO [Catalina-utility-1] org.apache.catalina.startup.HostConfig.deployDirectory Deploying web application directory [/home/psw/Projects/SSP/apache-tomcat-10.1.50/webapps/Practical8]
17-Apr-2026 05:40:06.877 INFO [Catalina-utility-1] org.apache.catalina.startup.HostConfig.deployDirectory Deployment of web application directory [/home/psw/Projects/SSP/apache-tomcat-10.1.50/webapps/Practical8] has finished in [14] ms
17-Apr-2026 05:47:20.244 INFO [main] org.apache.catalina.startup.VersionLoggerListener.log Server version name:   Apache Tomcat/10.1.50
17-Apr-2026 05:47:20.246 INFO [main] org.apache.catalina.startup.VersionLoggerListener.log Server built:          Dec 2 2025 22:57:41 UTC
17-Apr-2026 05:47:20.246 INFO [main] org.apache.catalina.startup.VersionLoggerListener.log Server version number: 10.1.50.0
17-Apr-2026 05:47:20.246 INFO [main] org.apache.catalina.startup.VersionLoggerListener.log OS Name:               Linux
17-Apr-2026 05:47:20.246 INFO [main] org.apache.catalina.startup.VersionLoggerListener.log OS Version:            6.19.11-201.nobara.fc43.x86_64
17-Apr-2026 05:47:20.247 INFO [main] org.apache.catalina.startup.VersionLoggerListener.log Architecture:          amd64
17-Apr-2026 05:47:20.247 INFO [main] org.apache.catalina.startup.VersionLoggerListener.log Java Home:             /usr/lib/jvm/java-25-openjdk
17-Apr-2026 05:47:20.247 INFO [main] org.apache.catalina.startup.VersionLoggerListener.log JVM Version:           25.0.2+10
17-Apr-2026 05:47:20.247 INFO [main] org.apache.catalina.startup.VersionLoggerListener.log JVM Vendor:            Red Hat, Inc.
17-Apr-2026 05:47:20.247 INFO [main] org.apache.catalina.startup.VersionLoggerListener.log CATALINA_BASE:         /home/psw/Projects/SSP/apache-tomcat-10.1.50
17-Apr-2026 05:47:20.247 INFO [main] org.apache.catalina.startup.VersionLoggerListener.log CATALINA_HOME:         /home/psw/Projects/SSP/apache-tomcat-10.1.50
17-Apr-2026 05:47:20.253 INFO [main] org.apache.catalina.startup.VersionLoggerListener.log Command line argument: -Djava.util.logging.config.file=/home/psw/Projects/SSP/apache-tomcat-10.1.50/conf/logging.properties
17-Apr-2026 05:47:20.253 INFO [main] org.apache.catalina.startup.VersionLoggerListener.log Command line argument: -Djava.util.logging.manager=org.apache.juli.ClassLoaderLogManager
17-Apr-2026 05:47:20.253 INFO [main] org.apache.catalina.startup.VersionLoggerListener.log Command line argument: -Djdk.tls.ephemeralDHKeySize=2048
17-Apr-2026 05:47:20.253 INFO [main] org.apache.catalina.startup.VersionLoggerListener.log Command line argument: -Djava.protocol.handler.pkgs=org.apache.catalina.webresources
17-Apr-2026 05:47:20.253 INFO [main] org.apache.catalina.startup.VersionLoggerListener.log Command line argument: -Dsun.io.useCanonCaches=false
17-Apr-2026 05:47:20.253 INFO [main] org.apache.catalina.startup.VersionLoggerListener.log Command line argument: -Dorg.apache.catalina.security.SecurityListener.UMASK=0027
17-Apr-2026 05:47:20.253 INFO [main] org.apache.catalina.startup.VersionLoggerListener.log Command line argument: --add-opens=java.base/java.lang=ALL-UNNAMED
17-Apr-2026 05:47:20.254 INFO [main] org.apache.catalina.startup.VersionLoggerListener.log Command line argument: --add-opens=java.base/java.lang.reflect=ALL-UNNAMED
17-Apr-2026 05:47:20.254 INFO [main] org.apache.catalina.startup.VersionLoggerListener.log Command line argument: --add-opens=java.base/java.io=ALL-UNNAMED
17-Apr-2026 05:47:20.254 INFO [main] org.apache.catalina.startup.VersionLoggerListener.log Command line argument: --add-opens=java.base/java.util=ALL-UNNAMED
17-Apr-2026 05:47:20.254 INFO [main] org.apache.catalina.startup.VersionLoggerListener.log Command line argument: --add-opens=java.base/java.util.concurrent=ALL-UNNAMED
17-Apr-2026 05:47:20.254 INFO [main] org.apache.catalina.startup.VersionLoggerListener.log Command line argument: --add-opens=java.rmi/sun.rmi.transport=ALL-UNNAMED
17-Apr-2026 05:47:20.254 INFO [main] org.apache.catalina.startup.VersionLoggerListener.log Command line argument: -Dcatalina.base=/home/psw/Projects/SSP/apache-tomcat-10.1.50
17-Apr-2026 05:47:20.254 INFO [main] org.apache.catalina.startup.VersionLoggerListener.log Command line argument: -Dcatalina.home=/home/psw/Projects/SSP/apache-tomcat-10.1.50
17-Apr-2026 05:47:20.254 INFO [main] org.apache.catalina.startup.VersionLoggerListener.log Command line argument: -Djava.io.tmpdir=/home/psw/Projects/SSP/apache-tomcat-10.1.50/temp
17-Apr-2026 05:47:20.255 INFO [main] org.apache.catalina.core.AprLifecycleListener.lifecycleEvent The Apache Tomcat Native library which allows using OpenSSL was not found on the java.library.path: [/usr/java/packages/lib:/usr/lib64:/lib64:/lib:/usr/lib]
17-Apr-2026 05:47:20.396 INFO [main] org.apache.coyote.AbstractProtocol.init Initializing ProtocolHandler ["http-nio-8080"]
17-Apr-2026 05:47:20.408 SEVERE [main] org.apache.catalina.util.LifecycleBase.handleSubClassException Failed to initialize component [Connector["http-nio-8080"]]
	org.apache.catalina.LifecycleException: Protocol handler initialization failed
		at org.apache.catalina.connector.Connector.initInternal(Connector.java:1084)
		at org.apache.catalina.util.LifecycleBase.init(LifecycleBase.java:122)
		at org.apache.catalina.core.StandardService.initInternal(StandardService.java:520)
		at org.apache.catalina.util.LifecycleBase.init(LifecycleBase.java:122)
		at org.apache.catalina.core.StandardServer.initInternal(StandardServer.java:955)
		at org.apache.catalina.util.LifecycleBase.init(LifecycleBase.java:122)
		at org.apache.catalina.startup.Catalina.load(Catalina.java:709)
		at org.apache.catalina.startup.Catalina.load(Catalina.java:732)
		at java.base/jdk.internal.reflect.DirectMethodHandleAccessor.invoke(DirectMethodHandleAccessor.java:104)
		at java.base/java.lang.reflect.Method.invoke(Method.java:565)
		at org.apache.catalina.startup.Bootstrap.load(Bootstrap.java:299)
		at org.apache.catalina.startup.Bootstrap.main(Bootstrap.java:472)
	Caused by: java.net.BindException: Address already in use
		at java.base/sun.nio.ch.Net.bind0(Native Method)
		at java.base/sun.nio.ch.Net.bind(Net.java:522)
		at java.base/sun.nio.ch.ServerSocketChannelImpl.netBind(ServerSocketChannelImpl.java:335)
		at java.base/sun.nio.ch.ServerSocketChannelImpl.bind(ServerSocketChannelImpl.java:297)
		at org.apache.tomcat.util.net.NioEndpoint.initServerSocket(NioEndpoint.java:264)
		at org.apache.tomcat.util.net.NioEndpoint.bind(NioEndpoint.java:219)
		at org.apache.tomcat.util.net.AbstractEndpoint.bindWithCleanup(AbstractEndpoint.java:1431)
		at org.apache.tomcat.util.net.AbstractEndpoint.init(AbstractEndpoint.java:1444)
		at org.apache.coyote.AbstractProtocol.init(AbstractProtocol.java:633)
		at org.apache.coyote.http11.AbstractHttp11Protocol.init(AbstractHttp11Protocol.java:82)
		at org.apache.catalina.connector.Connector.initInternal(Connector.java:1082)
		... 11 more
17-Apr-2026 05:47:20.409 INFO [main] org.apache.catalina.startup.Catalina.load Server initialization in [272] milliseconds
17-Apr-2026 05:47:20.430 INFO [main] org.apache.catalina.core.StandardService.startInternal Starting service [Catalina]
17-Apr-2026 05:47:20.431 INFO [main] org.apache.catalina.core.StandardEngine.startInternal Starting Servlet engine: [Apache Tomcat/10.1.50]
17-Apr-2026 05:47:20.443 INFO [main] org.apache.catalina.startup.HostConfig.deployWAR Deploying web application archive [/home/psw/Projects/SSP/apache-tomcat-10.1.50/webapps/logform3138.war]
17-Apr-2026 05:47:20.592 INFO [main] org.apache.jasper.servlet.TldScanner.scanJars At least one JAR was scanned for TLDs yet contained no TLDs. Enable debug logging for this logger for a complete list of JARs that were scanned but no TLDs were found in them. Skipping unneeded JARs during scanning can improve startup time and JSP compilation time.
17-Apr-2026 05:47:20.713 INFO [main] org.apache.catalina.startup.HostConfig.deployWAR Deployment of web application archive [/home/psw/Projects/SSP/apache-tomcat-10.1.50/webapps/logform3138.war] has finished in [268] ms
17-Apr-2026 05:47:20.714 INFO [main] org.apache.catalina.startup.HostConfig.deployWAR Deploying web application archive [/home/psw/Projects/SSP/apache-tomcat-10.1.50/webapps/Practical6.war]
17-Apr-2026 05:47:20.726 INFO [main] org.apache.catalina.startup.HostConfig.deployWAR Deployment of web application archive [/home/psw/Projects/SSP/apache-tomcat-10.1.50/webapps/Practical6.war] has finished in [12] ms
17-Apr-2026 05:47:20.727 INFO [main] org.apache.catalina.startup.HostConfig.deployDirectory Deploying web application directory [/home/psw/Projects/SSP/apache-tomcat-10.1.50/webapps/ROOT]
17-Apr-2026 05:47:20.735 INFO [main] org.apache.catalina.startup.HostConfig.deployDirectory Deployment of web application directory [/home/psw/Projects/SSP/apache-tomcat-10.1.50/webapps/ROOT] has finished in [8] ms
17-Apr-2026 05:47:20.735 INFO [main] org.apache.catalina.startup.HostConfig.deployDirectory Deploying web application directory [/home/psw/Projects/SSP/apache-tomcat-10.1.50/webapps/docs]
17-Apr-2026 05:47:20.745 INFO [main] org.apache.catalina.startup.HostConfig.deployDirectory Deployment of web application directory [/home/psw/Projects/SSP/apache-tomcat-10.1.50/webapps/docs] has finished in [10] ms
17-Apr-2026 05:47:20.745 INFO [main] org.apache.catalina.startup.HostConfig.deployDirectory Deploying web application directory [/home/psw/Projects/SSP/apache-tomcat-10.1.50/webapps/examples]
17-Apr-2026 05:47:20.837 INFO [main] org.apache.catalina.startup.HostConfig.deployDirectory Deployment of web application directory [/home/psw/Projects/SSP/apache-tomcat-10.1.50/webapps/examples] has finished in [92] ms
17-Apr-2026 05:47:20.837 INFO [main] org.apache.catalina.startup.HostConfig.deployDirectory Deploying web application directory [/home/psw/Projects/SSP/apache-tomcat-10.1.50/webapps/host-manager]
17-Apr-2026 05:47:20.849 INFO [main] org.apache.catalina.startup.HostConfig.deployDirectory Deployment of web application directory [/home/psw/Projects/SSP/apache-tomcat-10.1.50/webapps/host-manager] has finished in [12] ms
17-Apr-2026 05:47:20.849 INFO [main] org.apache.catalina.startup.HostConfig.deployDirectory Deploying web application directory [/home/psw/Projects/SSP/apache-tomcat-10.1.50/webapps/manager]
17-Apr-2026 05:47:20.858 INFO [main] org.apache.catalina.startup.HostConfig.deployDirectory Deployment of web application directory [/home/psw/Projects/SSP/apache-tomcat-10.1.50/webapps/manager] has finished in [9] ms
17-Apr-2026 05:47:20.859 INFO [main] org.apache.catalina.startup.HostConfig.deployDirectory Deploying web application directory [/home/psw/Projects/SSP/apache-tomcat-10.1.50/webapps/ServletProject]
17-Apr-2026 05:47:20.869 INFO [main] org.apache.catalina.startup.HostConfig.deployDirectory Deployment of web application directory [/home/psw/Projects/SSP/apache-tomcat-10.1.50/webapps/ServletProject] has finished in [11] ms
17-Apr-2026 05:47:20.869 INFO [main] org.apache.catalina.startup.HostConfig.deployDirectory Deploying web application directory [/home/psw/Projects/SSP/apache-tomcat-10.1.50/webapps/StudentForm]
17-Apr-2026 05:47:20.914 INFO [main] org.apache.jasper.servlet.TldScanner.scanJars At least one JAR was scanned for TLDs yet contained no TLDs. Enable debug logging for this logger for a complete list of JARs that were scanned but no TLDs were found in them. Skipping unneeded JARs during scanning can improve startup time and JSP compilation time.
17-Apr-2026 05:47:20.916 INFO [main] org.apache.catalina.startup.HostConfig.deployDirectory Deployment of web application directory [/home/psw/Projects/SSP/apache-tomcat-10.1.50/webapps/StudentForm] has finished in [47] ms
17-Apr-2026 05:47:20.916 INFO [main] org.apache.catalina.startup.HostConfig.deployDirectory Deploying web application directory [/home/psw/Projects/SSP/apache-tomcat-10.1.50/webapps/Webpage]
17-Apr-2026 05:47:20.926 INFO [main] org.apache.catalina.startup.HostConfig.deployDirectory Deployment of web application directory [/home/psw/Projects/SSP/apache-tomcat-10.1.50/webapps/Webpage] has finished in [10] ms
17-Apr-2026 05:47:20.926 INFO [main] org.apache.catalina.startup.HostConfig.deployDirectory Deploying web application directory [/home/psw/Projects/SSP/apache-tomcat-10.1.50/webapps/SSP6]
17-Apr-2026 05:47:20.934 INFO [main] org.apache.catalina.startup.HostConfig.deployDirectory Deployment of web application directory [/home/psw/Projects/SSP/apache-tomcat-10.1.50/webapps/SSP6] has finished in [8] ms
17-Apr-2026 05:47:20.934 INFO [main] org.apache.catalina.startup.HostConfig.deployDirectory Deploying web application directory [/home/psw/Projects/SSP/apache-tomcat-10.1.50/webapps/Practical8]
17-Apr-2026 05:47:20.941 INFO [main] org.apache.catalina.startup.HostConfig.deployDirectory Deployment of web application directory [/home/psw/Projects/SSP/apache-tomcat-10.1.50/webapps/Practical8] has finished in [7] ms
17-Apr-2026 05:47:20.941 INFO [main] org.apache.catalina.startup.HostConfig.deployDirectory Deploying web application directory [/home/psw/Projects/SSP/apache-tomcat-10.1.50/webapps/SSP51]
17-Apr-2026 05:47:20.948 INFO [main] org.apache.catalina.startup.HostConfig.deployDirectory Deployment of web application directory [/home/psw/Projects/SSP/apache-tomcat-10.1.50/webapps/SSP51] has finished in [7] ms
17-Apr-2026 05:47:20.950 INFO [main] org.apache.catalina.startup.Catalina.start Server startup in [540] milliseconds
17-Apr-2026 05:47:20.952 SEVERE [main] org.apache.catalina.core.StandardServer.await Failed to create server shutdown socket on address [localhost] and port [8005] (base port [8005] and offset [0])
	java.net.BindException: Address already in use
		at java.base/sun.nio.ch.Net.bind0(Native Method)
		at java.base/sun.nio.ch.Net.bind(Net.java:522)
		at java.base/sun.nio.ch.Net.bind(Net.java:511)
		at java.base/sun.nio.ch.NioSocketImpl.bind(NioSocketImpl.java:641)
		at java.base/java.net.ServerSocket.bind(ServerSocket.java:326)
		at java.base/java.net.ServerSocket.<init>(ServerSocket.java:222)
		at org.apache.catalina.core.StandardServer.await(StandardServer.java:531)
		at org.apache.catalina.startup.Catalina.await(Catalina.java:848)
		at org.apache.catalina.startup.Catalina.start(Catalina.java:796)
		at java.base/jdk.internal.reflect.DirectMethodHandleAccessor.invoke(DirectMethodHandleAccessor.java:104)
		at java.base/java.lang.reflect.Method.invoke(Method.java:565)
		at org.apache.catalina.startup.Bootstrap.start(Bootstrap.java:342)
		at org.apache.catalina.startup.Bootstrap.main(Bootstrap.java:473)
17-Apr-2026 05:47:20.953 INFO [main] org.apache.coyote.AbstractProtocol.pause Pausing ProtocolHandler ["http-nio-8080"]
17-Apr-2026 05:47:20.953 INFO [main] org.apache.catalina.core.StandardService.stopInternal Stopping service [Catalina]
17-Apr-2026 05:47:20.972 WARNING [main] org.apache.catalina.loader.WebappClassLoaderBase.clearReferencesJdbc The web application [logform3138] registered the JDBC driver [org.sqlite.JDBC] but failed to unregister it when the web application was stopped. To prevent a memory leak, the JDBC Driver has been forcibly unregistered.
17-Apr-2026 05:47:20.976 INFO [main] org.apache.coyote.AbstractProtocol.stop Stopping ProtocolHandler ["http-nio-8080"]
17-Apr-2026 05:47:20.977 INFO [main] org.apache.coyote.AbstractProtocol.destroy Destroying ProtocolHandler ["http-nio-8080"]
17-Apr-2026 05:47:26.909 INFO [Catalina-utility-2] org.apache.catalina.startup.HostConfig.deployDirectory Deploying web application directory [/home/psw/Projects/SSP/apache-tomcat-10.1.50/webapps/SSP51]
17-Apr-2026 05:47:26.916 INFO [Catalina-utility-2] org.apache.catalina.startup.HostConfig.deployDirectory Deployment of web application directory [/home/psw/Projects/SSP/apache-tomcat-10.1.50/webapps/SSP51] has finished in [6] ms
17-Apr-2026 05:58:35.515 INFO [main] org.apache.catalina.startup.VersionLoggerListener.log Server version name:   Apache Tomcat/10.1.50
17-Apr-2026 05:58:35.518 INFO [main] org.apache.catalina.startup.VersionLoggerListener.log Server built:          Dec 2 2025 22:57:41 UTC
17-Apr-2026 05:58:35.518 INFO [main] org.apache.catalina.startup.VersionLoggerListener.log Server version number: 10.1.50.0
17-Apr-2026 05:58:35.518 INFO [main] org.apache.catalina.startup.VersionLoggerListener.log OS Name:               Linux
17-Apr-2026 05:58:35.518 INFO [main] org.apache.catalina.startup.VersionLoggerListener.log OS Version:            6.19.11-201.nobara.fc43.x86_64
17-Apr-2026 05:58:35.518 INFO [main] org.apache.catalina.startup.VersionLoggerListener.log Architecture:          amd64
17-Apr-2026 05:58:35.518 INFO [main] org.apache.catalina.startup.VersionLoggerListener.log Java Home:             /usr/lib/jvm/java-25-openjdk
17-Apr-2026 05:58:35.518 INFO [main] org.apache.catalina.startup.VersionLoggerListener.log JVM Version:           25.0.2+10
17-Apr-2026 05:58:35.518 INFO [main] org.apache.catalina.startup.VersionLoggerListener.log JVM Vendor:            Red Hat, Inc.
17-Apr-2026 05:58:35.519 INFO [main] org.apache.catalina.startup.VersionLoggerListener.log CATALINA_BASE:         /home/psw/Projects/SSP/apache-tomcat-10.1.50
17-Apr-2026 05:58:35.519 INFO [main] org.apache.catalina.startup.VersionLoggerListener.log CATALINA_HOME:         /home/psw/Projects/SSP/apache-tomcat-10.1.50
17-Apr-2026 05:58:35.524 INFO [main] org.apache.catalina.startup.VersionLoggerListener.log Command line argument: -Djava.util.logging.config.file=/home/psw/Projects/SSP/apache-tomcat-10.1.50/conf/logging.properties
17-Apr-2026 05:58:35.525 INFO [main] org.apache.catalina.startup.VersionLoggerListener.log Command line argument: -Djava.util.logging.manager=org.apache.juli.ClassLoaderLogManager
17-Apr-2026 05:58:35.525 INFO [main] org.apache.catalina.startup.VersionLoggerListener.log Command line argument: -Djdk.tls.ephemeralDHKeySize=2048
17-Apr-2026 05:58:35.525 INFO [main] org.apache.catalina.startup.VersionLoggerListener.log Command line argument: -Djava.protocol.handler.pkgs=org.apache.catalina.webresources
17-Apr-2026 05:58:35.525 INFO [main] org.apache.catalina.startup.VersionLoggerListener.log Command line argument: -Dsun.io.useCanonCaches=false
17-Apr-2026 05:58:35.525 INFO [main] org.apache.catalina.startup.VersionLoggerListener.log Command line argument: -Dorg.apache.catalina.security.SecurityListener.UMASK=0027
17-Apr-2026 05:58:35.525 INFO [main] org.apache.catalina.startup.VersionLoggerListener.log Command line argument: --add-opens=java.base/java.lang=ALL-UNNAMED
17-Apr-2026 05:58:35.525 INFO [main] org.apache.catalina.startup.VersionLoggerListener.log Command line argument: --add-opens=java.base/java.lang.reflect=ALL-UNNAMED
17-Apr-2026 05:58:35.525 INFO [main] org.apache.catalina.startup.VersionLoggerListener.log Command line argument: --add-opens=java.base/java.io=ALL-UNNAMED
17-Apr-2026 05:58:35.525 INFO [main] org.apache.catalina.startup.VersionLoggerListener.log Command line argument: --add-opens=java.base/java.util=ALL-UNNAMED
17-Apr-2026 05:58:35.525 INFO [main] org.apache.catalina.startup.VersionLoggerListener.log Command line argument: --add-opens=java.base/java.util.concurrent=ALL-UNNAMED
17-Apr-2026 05:58:35.525 INFO [main] org.apache.catalina.startup.VersionLoggerListener.log Command line argument: --add-opens=java.rmi/sun.rmi.transport=ALL-UNNAMED
17-Apr-2026 05:58:35.525 INFO [main] org.apache.catalina.startup.VersionLoggerListener.log Command line argument: -Dcatalina.base=/home/psw/Projects/SSP/apache-tomcat-10.1.50
17-Apr-2026 05:58:35.525 INFO [main] org.apache.catalina.startup.VersionLoggerListener.log Command line argument: -Dcatalina.home=/home/psw/Projects/SSP/apache-tomcat-10.1.50
17-Apr-2026 05:58:35.525 INFO [main] org.apache.catalina.startup.VersionLoggerListener.log Command line argument: -Djava.io.tmpdir=/home/psw/Projects/SSP/apache-tomcat-10.1.50/temp
17-Apr-2026 05:58:35.526 INFO [main] org.apache.catalina.core.AprLifecycleListener.lifecycleEvent The Apache Tomcat Native library which allows using OpenSSL was not found on the java.library.path: [/usr/java/packages/lib:/usr/lib64:/lib64:/lib:/usr/lib]
17-Apr-2026 05:58:35.701 INFO [main] org.apache.coyote.AbstractProtocol.init Initializing ProtocolHandler ["http-nio-8080"]
17-Apr-2026 05:58:35.712 SEVERE [main] org.apache.catalina.util.LifecycleBase.handleSubClassException Failed to initialize component [Connector["http-nio-8080"]]
	org.apache.catalina.LifecycleException: Protocol handler initialization failed
		at org.apache.catalina.connector.Connector.initInternal(Connector.java:1084)
		at org.apache.catalina.util.LifecycleBase.init(LifecycleBase.java:122)
		at org.apache.catalina.core.StandardService.initInternal(StandardService.java:520)
		at org.apache.catalina.util.LifecycleBase.init(LifecycleBase.java:122)
		at org.apache.catalina.core.StandardServer.initInternal(StandardServer.java:955)
		at org.apache.catalina.util.LifecycleBase.init(LifecycleBase.java:122)
		at org.apache.catalina.startup.Catalina.load(Catalina.java:709)
		at org.apache.catalina.startup.Catalina.load(Catalina.java:732)
		at java.base/jdk.internal.reflect.DirectMethodHandleAccessor.invoke(DirectMethodHandleAccessor.java:104)
		at java.base/java.lang.reflect.Method.invoke(Method.java:565)
		at org.apache.catalina.startup.Bootstrap.load(Bootstrap.java:299)
		at org.apache.catalina.startup.Bootstrap.main(Bootstrap.java:472)
	Caused by: java.net.BindException: Address already in use
		at java.base/sun.nio.ch.Net.bind0(Native Method)
		at java.base/sun.nio.ch.Net.bind(Net.java:522)
		at java.base/sun.nio.ch.ServerSocketChannelImpl.netBind(ServerSocketChannelImpl.java:335)
		at java.base/sun.nio.ch.ServerSocketChannelImpl.bind(ServerSocketChannelImpl.java:297)
		at org.apache.tomcat.util.net.NioEndpoint.initServerSocket(NioEndpoint.java:264)
		at org.apache.tomcat.util.net.NioEndpoint.bind(NioEndpoint.java:219)
		at org.apache.tomcat.util.net.AbstractEndpoint.bindWithCleanup(AbstractEndpoint.java:1431)
		at org.apache.tomcat.util.net.AbstractEndpoint.init(AbstractEndpoint.java:1444)
		at org.apache.coyote.AbstractProtocol.init(AbstractProtocol.java:633)
		at org.apache.coyote.http11.AbstractHttp11Protocol.init(AbstractHttp11Protocol.java:82)
		at org.apache.catalina.connector.Connector.initInternal(Connector.java:1082)
		... 11 more
17-Apr-2026 05:58:35.713 INFO [main] org.apache.catalina.startup.Catalina.load Server initialization in [313] milliseconds
17-Apr-2026 05:58:35.738 INFO [main] org.apache.catalina.core.StandardService.startInternal Starting service [Catalina]
17-Apr-2026 05:58:35.738 INFO [main] org.apache.catalina.core.StandardEngine.startInternal Starting Servlet engine: [Apache Tomcat/10.1.50]
17-Apr-2026 05:58:35.750 INFO [main] org.apache.catalina.startup.HostConfig.deployWAR Deploying web application archive [/home/psw/Projects/SSP/apache-tomcat-10.1.50/webapps/logform3138.war]
17-Apr-2026 05:58:35.919 INFO [main] org.apache.jasper.servlet.TldScanner.scanJars At least one JAR was scanned for TLDs yet contained no TLDs. Enable debug logging for this logger for a complete list of JARs that were scanned but no TLDs were found in them. Skipping unneeded JARs during scanning can improve startup time and JSP compilation time.
17-Apr-2026 05:58:36.054 INFO [main] org.apache.catalina.startup.HostConfig.deployWAR Deployment of web application archive [/home/psw/Projects/SSP/apache-tomcat-10.1.50/webapps/logform3138.war] has finished in [302] ms
17-Apr-2026 05:58:36.055 INFO [main] org.apache.catalina.startup.HostConfig.deployWAR Deploying web application archive [/home/psw/Projects/SSP/apache-tomcat-10.1.50/webapps/Practical6.war]
17-Apr-2026 05:58:36.069 INFO [main] org.apache.catalina.startup.HostConfig.deployWAR Deployment of web application archive [/home/psw/Projects/SSP/apache-tomcat-10.1.50/webapps/Practical6.war] has finished in [14] ms
17-Apr-2026 05:58:36.070 INFO [main] org.apache.catalina.startup.HostConfig.deployDirectory Deploying web application directory [/home/psw/Projects/SSP/apache-tomcat-10.1.50/webapps/ROOT]
17-Apr-2026 05:58:36.082 INFO [main] org.apache.catalina.startup.HostConfig.deployDirectory Deployment of web application directory [/home/psw/Projects/SSP/apache-tomcat-10.1.50/webapps/ROOT] has finished in [12] ms
17-Apr-2026 05:58:36.082 INFO [main] org.apache.catalina.startup.HostConfig.deployDirectory Deploying web application directory [/home/psw/Projects/SSP/apache-tomcat-10.1.50/webapps/docs]
17-Apr-2026 05:58:36.096 INFO [main] org.apache.catalina.startup.HostConfig.deployDirectory Deployment of web application directory [/home/psw/Projects/SSP/apache-tomcat-10.1.50/webapps/docs] has finished in [14] ms
17-Apr-2026 05:58:36.096 INFO [main] org.apache.catalina.startup.HostConfig.deployDirectory Deploying web application directory [/home/psw/Projects/SSP/apache-tomcat-10.1.50/webapps/examples]
17-Apr-2026 05:58:36.228 INFO [main] org.apache.catalina.startup.HostConfig.deployDirectory Deployment of web application directory [/home/psw/Projects/SSP/apache-tomcat-10.1.50/webapps/examples] has finished in [132] ms
17-Apr-2026 05:58:36.228 INFO [main] org.apache.catalina.startup.HostConfig.deployDirectory Deploying web application directory [/home/psw/Projects/SSP/apache-tomcat-10.1.50/webapps/host-manager]
17-Apr-2026 05:58:36.244 INFO [main] org.apache.catalina.startup.HostConfig.deployDirectory Deployment of web application directory [/home/psw/Projects/SSP/apache-tomcat-10.1.50/webapps/host-manager] has finished in [16] ms
17-Apr-2026 05:58:36.244 INFO [main] org.apache.catalina.startup.HostConfig.deployDirectory Deploying web application directory [/home/psw/Projects/SSP/apache-tomcat-10.1.50/webapps/manager]
17-Apr-2026 05:58:36.257 INFO [main] org.apache.catalina.startup.HostConfig.deployDirectory Deployment of web application directory [/home/psw/Projects/SSP/apache-tomcat-10.1.50/webapps/manager] has finished in [13] ms
17-Apr-2026 05:58:36.258 INFO [main] org.apache.catalina.startup.HostConfig.deployDirectory Deploying web application directory [/home/psw/Projects/SSP/apache-tomcat-10.1.50/webapps/ServletProject]
17-Apr-2026 05:58:36.272 INFO [main] org.apache.catalina.startup.HostConfig.deployDirectory Deployment of web application directory [/home/psw/Projects/SSP/apache-tomcat-10.1.50/webapps/ServletProject] has finished in [14] ms
17-Apr-2026 05:58:36.273 INFO [main] org.apache.catalina.startup.HostConfig.deployDirectory Deploying web application directory [/home/psw/Projects/SSP/apache-tomcat-10.1.50/webapps/StudentForm]
17-Apr-2026 05:58:36.318 INFO [main] org.apache.jasper.servlet.TldScanner.scanJars At least one JAR was scanned for TLDs yet contained no TLDs. Enable debug logging for this logger for a complete list of JARs that were scanned but no TLDs were found in them. Skipping unneeded JARs during scanning can improve startup time and JSP compilation time.
17-Apr-2026 05:58:36.319 INFO [main] org.apache.catalina.startup.HostConfig.deployDirectory Deployment of web application directory [/home/psw/Projects/SSP/apache-tomcat-10.1.50/webapps/StudentForm] has finished in [46] ms
17-Apr-2026 05:58:36.319 INFO [main] org.apache.catalina.startup.HostConfig.deployDirectory Deploying web application directory [/home/psw/Projects/SSP/apache-tomcat-10.1.50/webapps/Webpage]
17-Apr-2026 05:58:36.328 INFO [main] org.apache.catalina.startup.HostConfig.deployDirectory Deployment of web application directory [/home/psw/Projects/SSP/apache-tomcat-10.1.50/webapps/Webpage] has finished in [9] ms
17-Apr-2026 05:58:36.328 INFO [main] org.apache.catalina.startup.HostConfig.deployDirectory Deploying web application directory [/home/psw/Projects/SSP/apache-tomcat-10.1.50/webapps/SSP6]
17-Apr-2026 05:58:36.342 INFO [main] org.apache.catalina.startup.HostConfig.deployDirectory Deployment of web application directory [/home/psw/Projects/SSP/apache-tomcat-10.1.50/webapps/SSP6] has finished in [13] ms
17-Apr-2026 05:58:36.342 INFO [main] org.apache.catalina.startup.HostConfig.deployDirectory Deploying web application directory [/home/psw/Projects/SSP/apache-tomcat-10.1.50/webapps/Practical8]
17-Apr-2026 05:58:36.352 INFO [main] org.apache.catalina.startup.HostConfig.deployDirectory Deployment of web application directory [/home/psw/Projects/SSP/apache-tomcat-10.1.50/webapps/Practical8] has finished in [10] ms
17-Apr-2026 05:58:36.352 INFO [main] org.apache.catalina.startup.HostConfig.deployDirectory Deploying web application directory [/home/psw/Projects/SSP/apache-tomcat-10.1.50/webapps/SSP51]
17-Apr-2026 05:58:36.365 INFO [main] org.apache.catalina.startup.HostConfig.deployDirectory Deployment of web application directory [/home/psw/Projects/SSP/apache-tomcat-10.1.50/webapps/SSP51] has finished in [13] ms
17-Apr-2026 05:58:36.366 INFO [main] org.apache.catalina.startup.HostConfig.deployDirectory Deploying web application directory [/home/psw/Projects/SSP/apache-tomcat-10.1.50/webapps/SSP61]
17-Apr-2026 05:58:36.394 INFO [main] org.apache.jasper.servlet.TldScanner.scanJars At least one JAR was scanned for TLDs yet contained no TLDs. Enable debug logging for this logger for a complete list of JARs that were scanned but no TLDs were found in them. Skipping unneeded JARs during scanning can improve startup time and JSP compilation time.
17-Apr-2026 05:58:36.396 INFO [main] org.apache.catalina.startup.HostConfig.deployDirectory Deployment of web application directory [/home/psw/Projects/SSP/apache-tomcat-10.1.50/webapps/SSP61] has finished in [30] ms
17-Apr-2026 05:58:36.401 INFO [main] org.apache.catalina.startup.Catalina.start Server startup in [686] milliseconds
17-Apr-2026 05:58:36.403 SEVERE [main] org.apache.catalina.core.StandardServer.await Failed to create server shutdown socket on address [localhost] and port [8005] (base port [8005] and offset [0])
	java.net.BindException: Address already in use
		at java.base/sun.nio.ch.Net.bind0(Native Method)
		at java.base/sun.nio.ch.Net.bind(Net.java:522)
		at java.base/sun.nio.ch.Net.bind(Net.java:511)
		at java.base/sun.nio.ch.NioSocketImpl.bind(NioSocketImpl.java:641)
		at java.base/java.net.ServerSocket.bind(ServerSocket.java:326)
		at java.base/java.net.ServerSocket.<init>(ServerSocket.java:222)
		at org.apache.catalina.core.StandardServer.await(StandardServer.java:531)
		at org.apache.catalina.startup.Catalina.await(Catalina.java:848)
		at org.apache.catalina.startup.Catalina.start(Catalina.java:796)
		at java.base/jdk.internal.reflect.DirectMethodHandleAccessor.invoke(DirectMethodHandleAccessor.java:104)
		at java.base/java.lang.reflect.Method.invoke(Method.java:565)
		at org.apache.catalina.startup.Bootstrap.start(Bootstrap.java:342)
		at org.apache.catalina.startup.Bootstrap.main(Bootstrap.java:473)
17-Apr-2026 05:58:36.404 INFO [main] org.apache.coyote.AbstractProtocol.pause Pausing ProtocolHandler ["http-nio-8080"]
17-Apr-2026 05:58:36.404 INFO [main] org.apache.catalina.core.StandardService.stopInternal Stopping service [Catalina]
17-Apr-2026 05:58:36.423 WARNING [main] org.apache.catalina.loader.WebappClassLoaderBase.clearReferencesJdbc The web application [logform3138] registered the JDBC driver [org.sqlite.JDBC] but failed to unregister it when the web application was stopped. To prevent a memory leak, the JDBC Driver has been forcibly unregistered.
17-Apr-2026 05:58:36.428 INFO [main] org.apache.coyote.AbstractProtocol.stop Stopping ProtocolHandler ["http-nio-8080"]
17-Apr-2026 05:58:36.429 INFO [main] org.apache.coyote.AbstractProtocol.destroy Destroying ProtocolHandler ["http-nio-8080"]
17-Apr-2026 05:58:36.969 INFO [Catalina-utility-2] org.apache.catalina.startup.HostConfig.deployDirectory Deploying web application directory [/home/psw/Projects/SSP/apache-tomcat-10.1.50/webapps/SSP61]
17-Apr-2026 05:58:36.990 INFO [Catalina-utility-2] org.apache.jasper.servlet.TldScanner.scanJars At least one JAR was scanned for TLDs yet contained no TLDs. Enable debug logging for this logger for a complete list of JARs that were scanned but no TLDs were found in them. Skipping unneeded JARs during scanning can improve startup time and JSP compilation time.
17-Apr-2026 05:58:36.991 INFO [Catalina-utility-2] org.apache.catalina.startup.HostConfig.deployDirectory Deployment of web application directory [/home/psw/Projects/SSP/apache-tomcat-10.1.50/webapps/SSP61] has finished in [22] ms
17-Apr-2026 05:59:43.680 INFO [main] org.apache.catalina.core.StandardServer.await A valid shutdown command was received via the shutdown port. Stopping the Server instance.
17-Apr-2026 05:59:43.681 INFO [main] org.apache.coyote.AbstractProtocol.pause Pausing ProtocolHandler ["http-nio-8080"]
17-Apr-2026 05:59:43.683 INFO [main] org.apache.catalina.core.StandardService.stopInternal Stopping service [Catalina]
17-Apr-2026 05:59:43.704 WARNING [main] org.apache.catalina.loader.WebappClassLoaderBase.clearReferencesJdbc The web application [logform3138] registered the JDBC driver [org.sqlite.JDBC] but failed to unregister it when the web application was stopped. To prevent a memory leak, the JDBC Driver has been forcibly unregistered.
17-Apr-2026 05:59:43.708 INFO [main] org.apache.coyote.AbstractProtocol.stop Stopping ProtocolHandler ["http-nio-8080"]
17-Apr-2026 05:59:43.716 INFO [main] org.apache.coyote.AbstractProtocol.destroy Destroying ProtocolHandler ["http-nio-8080"]
17-Apr-2026 05:59:44.919 INFO [main] org.apache.catalina.startup.VersionLoggerListener.log Server version name:   Apache Tomcat/10.1.50
17-Apr-2026 05:59:44.921 INFO [main] org.apache.catalina.startup.VersionLoggerListener.log Server built:          Dec 2 2025 22:57:41 UTC
17-Apr-2026 05:59:44.921 INFO [main] org.apache.catalina.startup.VersionLoggerListener.log Server version number: 10.1.50.0
17-Apr-2026 05:59:44.921 INFO [main] org.apache.catalina.startup.VersionLoggerListener.log OS Name:               Linux
17-Apr-2026 05:59:44.921 INFO [main] org.apache.catalina.startup.VersionLoggerListener.log OS Version:            6.19.11-201.nobara.fc43.x86_64
17-Apr-2026 05:59:44.921 INFO [main] org.apache.catalina.startup.VersionLoggerListener.log Architecture:          amd64
17-Apr-2026 05:59:44.921 INFO [main] org.apache.catalina.startup.VersionLoggerListener.log Java Home:             /usr/lib/jvm/java-25-openjdk
17-Apr-2026 05:59:44.921 INFO [main] org.apache.catalina.startup.VersionLoggerListener.log JVM Version:           25.0.2+10
17-Apr-2026 05:59:44.921 INFO [main] org.apache.catalina.startup.VersionLoggerListener.log JVM Vendor:            Red Hat, Inc.
17-Apr-2026 05:59:44.922 INFO [main] org.apache.catalina.startup.VersionLoggerListener.log CATALINA_BASE:         /home/psw/Projects/SSP/apache-tomcat-10.1.50
17-Apr-2026 05:59:44.922 INFO [main] org.apache.catalina.startup.VersionLoggerListener.log CATALINA_HOME:         /home/psw/Projects/SSP/apache-tomcat-10.1.50
17-Apr-2026 05:59:44.926 INFO [main] org.apache.catalina.startup.VersionLoggerListener.log Command line argument: -Djava.util.logging.config.file=/home/psw/Projects/SSP/apache-tomcat-10.1.50/conf/logging.properties
17-Apr-2026 05:59:44.926 INFO [main] org.apache.catalina.startup.VersionLoggerListener.log Command line argument: -Djava.util.logging.manager=org.apache.juli.ClassLoaderLogManager
17-Apr-2026 05:59:44.926 INFO [main] org.apache.catalina.startup.VersionLoggerListener.log Command line argument: -Djdk.tls.ephemeralDHKeySize=2048
17-Apr-2026 05:59:44.926 INFO [main] org.apache.catalina.startup.VersionLoggerListener.log Command line argument: -Djava.protocol.handler.pkgs=org.apache.catalina.webresources
17-Apr-2026 05:59:44.926 INFO [main] org.apache.catalina.startup.VersionLoggerListener.log Command line argument: -Dsun.io.useCanonCaches=false
17-Apr-2026 05:59:44.926 INFO [main] org.apache.catalina.startup.VersionLoggerListener.log Command line argument: -Dorg.apache.catalina.security.SecurityListener.UMASK=0027
17-Apr-2026 05:59:44.926 INFO [main] org.apache.catalina.startup.VersionLoggerListener.log Command line argument: --add-opens=java.base/java.lang=ALL-UNNAMED
17-Apr-2026 05:59:44.926 INFO [main] org.apache.catalina.startup.VersionLoggerListener.log Command line argument: --add-opens=java.base/java.lang.reflect=ALL-UNNAMED
17-Apr-2026 05:59:44.926 INFO [main] org.apache.catalina.startup.VersionLoggerListener.log Command line argument: --add-opens=java.base/java.io=ALL-UNNAMED
17-Apr-2026 05:59:44.927 INFO [main] org.apache.catalina.startup.VersionLoggerListener.log Command line argument: --add-opens=java.base/java.util=ALL-UNNAMED
17-Apr-2026 05:59:44.927 INFO [main] org.apache.catalina.startup.VersionLoggerListener.log Command line argument: --add-opens=java.base/java.util.concurrent=ALL-UNNAMED
17-Apr-2026 05:59:44.927 INFO [main] org.apache.catalina.startup.VersionLoggerListener.log Command line argument: --add-opens=java.rmi/sun.rmi.transport=ALL-UNNAMED
17-Apr-2026 05:59:44.927 INFO [main] org.apache.catalina.startup.VersionLoggerListener.log Command line argument: -Dcatalina.base=/home/psw/Projects/SSP/apache-tomcat-10.1.50
17-Apr-2026 05:59:44.927 INFO [main] org.apache.catalina.startup.VersionLoggerListener.log Command line argument: -Dcatalina.home=/home/psw/Projects/SSP/apache-tomcat-10.1.50
17-Apr-2026 05:59:44.927 INFO [main] org.apache.catalina.startup.VersionLoggerListener.log Command line argument: -Djava.io.tmpdir=/home/psw/Projects/SSP/apache-tomcat-10.1.50/temp
17-Apr-2026 05:59:44.928 INFO [main] org.apache.catalina.core.AprLifecycleListener.lifecycleEvent The Apache Tomcat Native library which allows using OpenSSL was not found on the java.library.path: [/usr/java/packages/lib:/usr/lib64:/lib64:/lib:/usr/lib]
17-Apr-2026 05:59:45.080 INFO [main] org.apache.coyote.AbstractProtocol.init Initializing ProtocolHandler ["http-nio-8080"]
17-Apr-2026 05:59:45.095 INFO [main] org.apache.catalina.startup.Catalina.load Server initialization in [263] milliseconds
17-Apr-2026 05:59:45.118 INFO [main] org.apache.catalina.core.StandardService.startInternal Starting service [Catalina]
17-Apr-2026 05:59:45.118 INFO [main] org.apache.catalina.core.StandardEngine.startInternal Starting Servlet engine: [Apache Tomcat/10.1.50]
17-Apr-2026 05:59:45.131 INFO [main] org.apache.catalina.startup.HostConfig.deployWAR Deploying web application archive [/home/psw/Projects/SSP/apache-tomcat-10.1.50/webapps/logform3138.war]
17-Apr-2026 05:59:45.296 INFO [main] org.apache.jasper.servlet.TldScanner.scanJars At least one JAR was scanned for TLDs yet contained no TLDs. Enable debug logging for this logger for a complete list of JARs that were scanned but no TLDs were found in them. Skipping unneeded JARs during scanning can improve startup time and JSP compilation time.
17-Apr-2026 05:59:45.424 INFO [main] org.apache.catalina.startup.HostConfig.deployWAR Deployment of web application archive [/home/psw/Projects/SSP/apache-tomcat-10.1.50/webapps/logform3138.war] has finished in [290] ms
17-Apr-2026 05:59:45.424 INFO [main] org.apache.catalina.startup.HostConfig.deployWAR Deploying web application archive [/home/psw/Projects/SSP/apache-tomcat-10.1.50/webapps/Practical6.war]
17-Apr-2026 05:59:45.441 INFO [main] org.apache.catalina.startup.HostConfig.deployWAR Deployment of web application archive [/home/psw/Projects/SSP/apache-tomcat-10.1.50/webapps/Practical6.war] has finished in [17] ms
17-Apr-2026 05:59:45.442 INFO [main] org.apache.catalina.startup.HostConfig.deployDirectory Deploying web application directory [/home/psw/Projects/SSP/apache-tomcat-10.1.50/webapps/ROOT]
17-Apr-2026 05:59:45.451 INFO [main] org.apache.catalina.startup.HostConfig.deployDirectory Deployment of web application directory [/home/psw/Projects/SSP/apache-tomcat-10.1.50/webapps/ROOT] has finished in [9] ms
17-Apr-2026 05:59:45.451 INFO [main] org.apache.catalina.startup.HostConfig.deployDirectory Deploying web application directory [/home/psw/Projects/SSP/apache-tomcat-10.1.50/webapps/docs]
17-Apr-2026 05:59:45.464 INFO [main] org.apache.catalina.startup.HostConfig.deployDirectory Deployment of web application directory [/home/psw/Projects/SSP/apache-tomcat-10.1.50/webapps/docs] has finished in [13] ms
17-Apr-2026 05:59:45.465 INFO [main] org.apache.catalina.startup.HostConfig.deployDirectory Deploying web application directory [/home/psw/Projects/SSP/apache-tomcat-10.1.50/webapps/examples]
17-Apr-2026 05:59:45.570 INFO [main] org.apache.catalina.startup.HostConfig.deployDirectory Deployment of web application directory [/home/psw/Projects/SSP/apache-tomcat-10.1.50/webapps/examples] has finished in [105] ms
17-Apr-2026 05:59:45.571 INFO [main] org.apache.catalina.startup.HostConfig.deployDirectory Deploying web application directory [/home/psw/Projects/SSP/apache-tomcat-10.1.50/webapps/host-manager]
17-Apr-2026 05:59:45.583 INFO [main] org.apache.catalina.startup.HostConfig.deployDirectory Deployment of web application directory [/home/psw/Projects/SSP/apache-tomcat-10.1.50/webapps/host-manager] has finished in [12] ms
17-Apr-2026 05:59:45.583 INFO [main] org.apache.catalina.startup.HostConfig.deployDirectory Deploying web application directory [/home/psw/Projects/SSP/apache-tomcat-10.1.50/webapps/manager]
17-Apr-2026 05:59:45.595 INFO [main] org.apache.catalina.startup.HostConfig.deployDirectory Deployment of web application directory [/home/psw/Projects/SSP/apache-tomcat-10.1.50/webapps/manager] has finished in [12] ms
17-Apr-2026 05:59:45.595 INFO [main] org.apache.catalina.startup.HostConfig.deployDirectory Deploying web application directory [/home/psw/Projects/SSP/apache-tomcat-10.1.50/webapps/ServletProject]
17-Apr-2026 05:59:45.607 INFO [main] org.apache.catalina.startup.HostConfig.deployDirectory Deployment of web application directory [/home/psw/Projects/SSP/apache-tomcat-10.1.50/webapps/ServletProject] has finished in [12] ms
17-Apr-2026 05:59:45.607 INFO [main] org.apache.catalina.startup.HostConfig.deployDirectory Deploying web application directory [/home/psw/Projects/SSP/apache-tomcat-10.1.50/webapps/StudentForm]
17-Apr-2026 05:59:45.641 INFO [main] org.apache.jasper.servlet.TldScanner.scanJars At least one JAR was scanned for TLDs yet contained no TLDs. Enable debug logging for this logger for a complete list of JARs that were scanned but no TLDs were found in them. Skipping unneeded JARs during scanning can improve startup time and JSP compilation time.
17-Apr-2026 05:59:45.642 INFO [main] org.apache.catalina.startup.HostConfig.deployDirectory Deployment of web application directory [/home/psw/Projects/SSP/apache-tomcat-10.1.50/webapps/StudentForm] has finished in [35] ms
17-Apr-2026 05:59:45.643 INFO [main] org.apache.catalina.startup.HostConfig.deployDirectory Deploying web application directory [/home/psw/Projects/SSP/apache-tomcat-10.1.50/webapps/Webpage]
17-Apr-2026 05:59:45.650 INFO [main] org.apache.catalina.startup.HostConfig.deployDirectory Deployment of web application directory [/home/psw/Projects/SSP/apache-tomcat-10.1.50/webapps/Webpage] has finished in [8] ms
17-Apr-2026 05:59:45.650 INFO [main] org.apache.catalina.startup.HostConfig.deployDirectory Deploying web application directory [/home/psw/Projects/SSP/apache-tomcat-10.1.50/webapps/SSP6]
17-Apr-2026 05:59:45.658 INFO [main] org.apache.catalina.startup.HostConfig.deployDirectory Deployment of web application directory [/home/psw/Projects/SSP/apache-tomcat-10.1.50/webapps/SSP6] has finished in [8] ms
17-Apr-2026 05:59:45.659 INFO [main] org.apache.catalina.startup.HostConfig.deployDirectory Deploying web application directory [/home/psw/Projects/SSP/apache-tomcat-10.1.50/webapps/Practical8]
17-Apr-2026 05:59:45.666 INFO [main] org.apache.catalina.startup.HostConfig.deployDirectory Deployment of web application directory [/home/psw/Projects/SSP/apache-tomcat-10.1.50/webapps/Practical8] has finished in [7] ms
17-Apr-2026 05:59:45.666 INFO [main] org.apache.catalina.startup.HostConfig.deployDirectory Deploying web application directory [/home/psw/Projects/SSP/apache-tomcat-10.1.50/webapps/SSP51]
17-Apr-2026 05:59:45.673 INFO [main] org.apache.catalina.startup.HostConfig.deployDirectory Deployment of web application directory [/home/psw/Projects/SSP/apache-tomcat-10.1.50/webapps/SSP51] has finished in [7] ms
17-Apr-2026 05:59:45.673 INFO [main] org.apache.catalina.startup.HostConfig.deployDirectory Deploying web application directory [/home/psw/Projects/SSP/apache-tomcat-10.1.50/webapps/SSP61]
17-Apr-2026 05:59:45.692 INFO [main] org.apache.jasper.servlet.TldScanner.scanJars At least one JAR was scanned for TLDs yet contained no TLDs. Enable debug logging for this logger for a complete list of JARs that were scanned but no TLDs were found in them. Skipping unneeded JARs during scanning can improve startup time and JSP compilation time.
17-Apr-2026 05:59:45.693 INFO [main] org.apache.catalina.startup.HostConfig.deployDirectory Deployment of web application directory [/home/psw/Projects/SSP/apache-tomcat-10.1.50/webapps/SSP61] has finished in [20] ms
17-Apr-2026 05:59:45.695 INFO [main] org.apache.coyote.AbstractProtocol.start Starting ProtocolHandler ["http-nio-8080"]
17-Apr-2026 05:59:45.701 INFO [main] org.apache.catalina.startup.Catalina.start Server startup in [605] milliseconds
17-Apr-2026 06:20:16.065 INFO [main] org.apache.catalina.core.StandardServer.await A valid shutdown command was received via the shutdown port. Stopping the Server instance.
17-Apr-2026 06:20:16.066 INFO [main] org.apache.coyote.AbstractProtocol.pause Pausing ProtocolHandler ["http-nio-8080"]
17-Apr-2026 06:20:16.071 INFO [main] org.apache.catalina.core.StandardService.stopInternal Stopping service [Catalina]
17-Apr-2026 06:20:16.087 WARNING [main] org.apache.catalina.loader.WebappClassLoaderBase.clearReferencesJdbc The web application [SSP61] registered the JDBC driver [org.sqlite.JDBC] but failed to unregister it when the web application was stopped. To prevent a memory leak, the JDBC Driver has been forcibly unregistered.
17-Apr-2026 06:20:16.096 WARNING [main] org.apache.catalina.loader.WebappClassLoaderBase.clearReferencesJdbc The web application [logform3138] registered the JDBC driver [org.sqlite.JDBC] but failed to unregister it when the web application was stopped. To prevent a memory leak, the JDBC Driver has been forcibly unregistered.
17-Apr-2026 06:20:16.102 INFO [main] org.apache.coyote.AbstractProtocol.stop Stopping ProtocolHandler ["http-nio-8080"]
17-Apr-2026 06:20:16.113 INFO [main] org.apache.coyote.AbstractProtocol.destroy Destroying ProtocolHandler ["http-nio-8080"]
17-Apr-2026 06:20:17.329 INFO [main] org.apache.catalina.startup.VersionLoggerListener.log Server version name:   Apache Tomcat/10.1.50
17-Apr-2026 06:20:17.332 INFO [main] org.apache.catalina.startup.VersionLoggerListener.log Server built:          Dec 2 2025 22:57:41 UTC
17-Apr-2026 06:20:17.332 INFO [main] org.apache.catalina.startup.VersionLoggerListener.log Server version number: 10.1.50.0
17-Apr-2026 06:20:17.332 INFO [main] org.apache.catalina.startup.VersionLoggerListener.log OS Name:               Linux
17-Apr-2026 06:20:17.332 INFO [main] org.apache.catalina.startup.VersionLoggerListener.log OS Version:            6.19.11-201.nobara.fc43.x86_64
17-Apr-2026 06:20:17.332 INFO [main] org.apache.catalina.startup.VersionLoggerListener.log Architecture:          amd64
17-Apr-2026 06:20:17.332 INFO [main] org.apache.catalina.startup.VersionLoggerListener.log Java Home:             /usr/lib/jvm/java-25-openjdk
17-Apr-2026 06:20:17.332 INFO [main] org.apache.catalina.startup.VersionLoggerListener.log JVM Version:           25.0.2+10
17-Apr-2026 06:20:17.332 INFO [main] org.apache.catalina.startup.VersionLoggerListener.log JVM Vendor:            Red Hat, Inc.
17-Apr-2026 06:20:17.333 INFO [main] org.apache.catalina.startup.VersionLoggerListener.log CATALINA_BASE:         /home/psw/Projects/SSP/apache-tomcat-10.1.50
17-Apr-2026 06:20:17.333 INFO [main] org.apache.catalina.startup.VersionLoggerListener.log CATALINA_HOME:         /home/psw/Projects/SSP/apache-tomcat-10.1.50
17-Apr-2026 06:20:17.338 INFO [main] org.apache.catalina.startup.VersionLoggerListener.log Command line argument: -Djava.util.logging.config.file=/home/psw/Projects/SSP/apache-tomcat-10.1.50/conf/logging.properties
17-Apr-2026 06:20:17.338 INFO [main] org.apache.catalina.startup.VersionLoggerListener.log Command line argument: -Djava.util.logging.manager=org.apache.juli.ClassLoaderLogManager
17-Apr-2026 06:20:17.339 INFO [main] org.apache.catalina.startup.VersionLoggerListener.log Command line argument: -Djdk.tls.ephemeralDHKeySize=2048
17-Apr-2026 06:20:17.339 INFO [main] org.apache.catalina.startup.VersionLoggerListener.log Command line argument: -Djava.protocol.handler.pkgs=org.apache.catalina.webresources
17-Apr-2026 06:20:17.339 INFO [main] org.apache.catalina.startup.VersionLoggerListener.log Command line argument: -Dsun.io.useCanonCaches=false
17-Apr-2026 06:20:17.339 INFO [main] org.apache.catalina.startup.VersionLoggerListener.log Command line argument: -Dorg.apache.catalina.security.SecurityListener.UMASK=0027
17-Apr-2026 06:20:17.339 INFO [main] org.apache.catalina.startup.VersionLoggerListener.log Command line argument: --add-opens=java.base/java.lang=ALL-UNNAMED
17-Apr-2026 06:20:17.339 INFO [main] org.apache.catalina.startup.VersionLoggerListener.log Command line argument: --add-opens=java.base/java.lang.reflect=ALL-UNNAMED
17-Apr-2026 06:20:17.339 INFO [main] org.apache.catalina.startup.VersionLoggerListener.log Command line argument: --add-opens=java.base/java.io=ALL-UNNAMED
17-Apr-2026 06:20:17.339 INFO [main] org.apache.catalina.startup.VersionLoggerListener.log Command line argument: --add-opens=java.base/java.util=ALL-UNNAMED
17-Apr-2026 06:20:17.339 INFO [main] org.apache.catalina.startup.VersionLoggerListener.log Command line argument: --add-opens=java.base/java.util.concurrent=ALL-UNNAMED
17-Apr-2026 06:20:17.339 INFO [main] org.apache.catalina.startup.VersionLoggerListener.log Command line argument: --add-opens=java.rmi/sun.rmi.transport=ALL-UNNAMED
17-Apr-2026 06:20:17.339 INFO [main] org.apache.catalina.startup.VersionLoggerListener.log Command line argument: -Dcatalina.base=/home/psw/Projects/SSP/apache-tomcat-10.1.50
17-Apr-2026 06:20:17.339 INFO [main] org.apache.catalina.startup.VersionLoggerListener.log Command line argument: -Dcatalina.home=/home/psw/Projects/SSP/apache-tomcat-10.1.50
17-Apr-2026 06:20:17.339 INFO [main] org.apache.catalina.startup.VersionLoggerListener.log Command line argument: -Djava.io.tmpdir=/home/psw/Projects/SSP/apache-tomcat-10.1.50/temp
17-Apr-2026 06:20:17.342 INFO [main] org.apache.catalina.core.AprLifecycleListener.lifecycleEvent The Apache Tomcat Native library which allows using OpenSSL was not found on the java.library.path: [/usr/java/packages/lib:/usr/lib64:/lib64:/lib:/usr/lib]
17-Apr-2026 06:20:17.527 INFO [main] org.apache.coyote.AbstractProtocol.init Initializing ProtocolHandler ["http-nio-8080"]
17-Apr-2026 06:20:17.541 INFO [main] org.apache.catalina.startup.Catalina.load Server initialization in [315] milliseconds
17-Apr-2026 06:20:17.570 INFO [main] org.apache.catalina.core.StandardService.startInternal Starting service [Catalina]
17-Apr-2026 06:20:17.570 INFO [main] org.apache.catalina.core.StandardEngine.startInternal Starting Servlet engine: [Apache Tomcat/10.1.50]
17-Apr-2026 06:20:17.583 INFO [main] org.apache.catalina.startup.HostConfig.deployWAR Deploying web application archive [/home/psw/Projects/SSP/apache-tomcat-10.1.50/webapps/logform3138.war]
17-Apr-2026 06:20:17.758 INFO [main] org.apache.jasper.servlet.TldScanner.scanJars At least one JAR was scanned for TLDs yet contained no TLDs. Enable debug logging for this logger for a complete list of JARs that were scanned but no TLDs were found in them. Skipping unneeded JARs during scanning can improve startup time and JSP compilation time.
17-Apr-2026 06:20:17.892 INFO [main] org.apache.catalina.startup.HostConfig.deployWAR Deployment of web application archive [/home/psw/Projects/SSP/apache-tomcat-10.1.50/webapps/logform3138.war] has finished in [307] ms
17-Apr-2026 06:20:17.894 INFO [main] org.apache.catalina.startup.HostConfig.deployWAR Deploying web application archive [/home/psw/Projects/SSP/apache-tomcat-10.1.50/webapps/Practical6.war]
17-Apr-2026 06:20:17.911 INFO [main] org.apache.catalina.startup.HostConfig.deployWAR Deployment of web application archive [/home/psw/Projects/SSP/apache-tomcat-10.1.50/webapps/Practical6.war] has finished in [17] ms
17-Apr-2026 06:20:17.911 INFO [main] org.apache.catalina.startup.HostConfig.deployDirectory Deploying web application directory [/home/psw/Projects/SSP/apache-tomcat-10.1.50/webapps/ROOT]
17-Apr-2026 06:20:17.923 INFO [main] org.apache.catalina.startup.HostConfig.deployDirectory Deployment of web application directory [/home/psw/Projects/SSP/apache-tomcat-10.1.50/webapps/ROOT] has finished in [11] ms
17-Apr-2026 06:20:17.923 INFO [main] org.apache.catalina.startup.HostConfig.deployDirectory Deploying web application directory [/home/psw/Projects/SSP/apache-tomcat-10.1.50/webapps/docs]
17-Apr-2026 06:20:17.937 INFO [main] org.apache.catalina.startup.HostConfig.deployDirectory Deployment of web application directory [/home/psw/Projects/SSP/apache-tomcat-10.1.50/webapps/docs] has finished in [14] ms
17-Apr-2026 06:20:17.937 INFO [main] org.apache.catalina.startup.HostConfig.deployDirectory Deploying web application directory [/home/psw/Projects/SSP/apache-tomcat-10.1.50/webapps/examples]
17-Apr-2026 06:20:18.058 INFO [main] org.apache.catalina.startup.HostConfig.deployDirectory Deployment of web application directory [/home/psw/Projects/SSP/apache-tomcat-10.1.50/webapps/examples] has finished in [121] ms
17-Apr-2026 06:20:18.058 INFO [main] org.apache.catalina.startup.HostConfig.deployDirectory Deploying web application directory [/home/psw/Projects/SSP/apache-tomcat-10.1.50/webapps/host-manager]
17-Apr-2026 06:20:18.078 INFO [main] org.apache.catalina.startup.HostConfig.deployDirectory Deployment of web application directory [/home/psw/Projects/SSP/apache-tomcat-10.1.50/webapps/host-manager] has finished in [20] ms
17-Apr-2026 06:20:18.078 INFO [main] org.apache.catalina.startup.HostConfig.deployDirectory Deploying web application directory [/home/psw/Projects/SSP/apache-tomcat-10.1.50/webapps/manager]
17-Apr-2026 06:20:18.092 INFO [main] org.apache.catalina.startup.HostConfig.deployDirectory Deployment of web application directory [/home/psw/Projects/SSP/apache-tomcat-10.1.50/webapps/manager] has finished in [14] ms
17-Apr-2026 06:20:18.092 INFO [main] org.apache.catalina.startup.HostConfig.deployDirectory Deploying web application directory [/home/psw/Projects/SSP/apache-tomcat-10.1.50/webapps/ServletProject]
17-Apr-2026 06:20:18.105 INFO [main] org.apache.catalina.startup.HostConfig.deployDirectory Deployment of web application directory [/home/psw/Projects/SSP/apache-tomcat-10.1.50/webapps/ServletProject] has finished in [13] ms
17-Apr-2026 06:20:18.106 INFO [main] org.apache.catalina.startup.HostConfig.deployDirectory Deploying web application directory [/home/psw/Projects/SSP/apache-tomcat-10.1.50/webapps/StudentForm]
17-Apr-2026 06:20:18.148 INFO [main] org.apache.jasper.servlet.TldScanner.scanJars At least one JAR was scanned for TLDs yet contained no TLDs. Enable debug logging for this logger for a complete list of JARs that were scanned but no TLDs were found in them. Skipping unneeded JARs during scanning can improve startup time and JSP compilation time.
17-Apr-2026 06:20:18.150 INFO [main] org.apache.catalina.startup.HostConfig.deployDirectory Deployment of web application directory [/home/psw/Projects/SSP/apache-tomcat-10.1.50/webapps/StudentForm] has finished in [43] ms
17-Apr-2026 06:20:18.150 INFO [main] org.apache.catalina.startup.HostConfig.deployDirectory Deploying web application directory [/home/psw/Projects/SSP/apache-tomcat-10.1.50/webapps/Webpage]
17-Apr-2026 06:20:18.161 INFO [main] org.apache.catalina.startup.HostConfig.deployDirectory Deployment of web application directory [/home/psw/Projects/SSP/apache-tomcat-10.1.50/webapps/Webpage] has finished in [11] ms
17-Apr-2026 06:20:18.161 INFO [main] org.apache.catalina.startup.HostConfig.deployDirectory Deploying web application directory [/home/psw/Projects/SSP/apache-tomcat-10.1.50/webapps/SSP6]
17-Apr-2026 06:20:18.172 INFO [main] org.apache.catalina.startup.HostConfig.deployDirectory Deployment of web application directory [/home/psw/Projects/SSP/apache-tomcat-10.1.50/webapps/SSP6] has finished in [11] ms
17-Apr-2026 06:20:18.172 INFO [main] org.apache.catalina.startup.HostConfig.deployDirectory Deploying web application directory [/home/psw/Projects/SSP/apache-tomcat-10.1.50/webapps/Practical8]
17-Apr-2026 06:20:18.181 INFO [main] org.apache.catalina.startup.HostConfig.deployDirectory Deployment of web application directory [/home/psw/Projects/SSP/apache-tomcat-10.1.50/webapps/Practical8] has finished in [9] ms
17-Apr-2026 06:20:18.181 INFO [main] org.apache.catalina.startup.HostConfig.deployDirectory Deploying web application directory [/home/psw/Projects/SSP/apache-tomcat-10.1.50/webapps/SSP51]
17-Apr-2026 06:20:18.188 INFO [main] org.apache.catalina.startup.HostConfig.deployDirectory Deployment of web application directory [/home/psw/Projects/SSP/apache-tomcat-10.1.50/webapps/SSP51] has finished in [7] ms
17-Apr-2026 06:20:18.188 INFO [main] org.apache.catalina.startup.HostConfig.deployDirectory Deploying web application directory [/home/psw/Projects/SSP/apache-tomcat-10.1.50/webapps/SSP61]
17-Apr-2026 06:20:18.208 INFO [main] org.apache.jasper.servlet.TldScanner.scanJars At least one JAR was scanned for TLDs yet contained no TLDs. Enable debug logging for this logger for a complete list of JARs that were scanned but no TLDs were found in them. Skipping unneeded JARs during scanning can improve startup time and JSP compilation time.
17-Apr-2026 06:20:18.209 INFO [main] org.apache.catalina.startup.HostConfig.deployDirectory Deployment of web application directory [/home/psw/Projects/SSP/apache-tomcat-10.1.50/webapps/SSP61] has finished in [21] ms
17-Apr-2026 06:20:18.209 INFO [main] org.apache.catalina.startup.HostConfig.deployDirectory Deploying web application directory [/home/psw/Projects/SSP/apache-tomcat-10.1.50/webapps/SSP3]
17-Apr-2026 06:20:18.221 INFO [main] org.apache.catalina.startup.HostConfig.deployDirectory Deployment of web application directory [/home/psw/Projects/SSP/apache-tomcat-10.1.50/webapps/SSP3] has finished in [12] ms
17-Apr-2026 06:20:18.224 INFO [main] org.apache.coyote.AbstractProtocol.start Starting ProtocolHandler ["http-nio-8080"]
17-Apr-2026 06:20:18.229 INFO [main] org.apache.catalina.startup.Catalina.start Server startup in [687] milliseconds
17-Apr-2026 06:23:25.712 INFO [main] org.apache.catalina.core.StandardServer.await A valid shutdown command was received via the shutdown port. Stopping the Server instance.
17-Apr-2026 06:23:25.713 INFO [main] org.apache.coyote.AbstractProtocol.pause Pausing ProtocolHandler ["http-nio-8080"]
17-Apr-2026 06:23:25.717 INFO [main] org.apache.catalina.core.StandardService.stopInternal Stopping service [Catalina]
17-Apr-2026 06:23:25.742 WARNING [main] org.apache.catalina.loader.WebappClassLoaderBase.clearReferencesJdbc The web application [logform3138] registered the JDBC driver [org.sqlite.JDBC] but failed to unregister it when the web application was stopped. To prevent a memory leak, the JDBC Driver has been forcibly unregistered.
17-Apr-2026 06:23:25.746 INFO [main] org.apache.coyote.AbstractProtocol.stop Stopping ProtocolHandler ["http-nio-8080"]
17-Apr-2026 06:23:25.748 INFO [main] org.apache.coyote.AbstractProtocol.destroy Destroying ProtocolHandler ["http-nio-8080"]
17-Apr-2026 06:23:26.959 INFO [main] org.apache.catalina.startup.VersionLoggerListener.log Server version name:   Apache Tomcat/10.1.50
17-Apr-2026 06:23:26.962 INFO [main] org.apache.catalina.startup.VersionLoggerListener.log Server built:          Dec 2 2025 22:57:41 UTC
17-Apr-2026 06:23:26.962 INFO [main] org.apache.catalina.startup.VersionLoggerListener.log Server version number: 10.1.50.0
17-Apr-2026 06:23:26.962 INFO [main] org.apache.catalina.startup.VersionLoggerListener.log OS Name:               Linux
17-Apr-2026 06:23:26.962 INFO [main] org.apache.catalina.startup.VersionLoggerListener.log OS Version:            6.19.11-201.nobara.fc43.x86_64
17-Apr-2026 06:23:26.962 INFO [main] org.apache.catalina.startup.VersionLoggerListener.log Architecture:          amd64
17-Apr-2026 06:23:26.962 INFO [main] org.apache.catalina.startup.VersionLoggerListener.log Java Home:             /usr/lib/jvm/java-25-openjdk
17-Apr-2026 06:23:26.962 INFO [main] org.apache.catalina.startup.VersionLoggerListener.log JVM Version:           25.0.2+10
17-Apr-2026 06:23:26.962 INFO [main] org.apache.catalina.startup.VersionLoggerListener.log JVM Vendor:            Red Hat, Inc.
17-Apr-2026 06:23:26.962 INFO [main] org.apache.catalina.startup.VersionLoggerListener.log CATALINA_BASE:         /home/psw/Projects/SSP/apache-tomcat-10.1.50
17-Apr-2026 06:23:26.962 INFO [main] org.apache.catalina.startup.VersionLoggerListener.log CATALINA_HOME:         /home/psw/Projects/SSP/apache-tomcat-10.1.50
17-Apr-2026 06:23:26.967 INFO [main] org.apache.catalina.startup.VersionLoggerListener.log Command line argument: -Djava.util.logging.config.file=/home/psw/Projects/SSP/apache-tomcat-10.1.50/conf/logging.properties
17-Apr-2026 06:23:26.967 INFO [main] org.apache.catalina.startup.VersionLoggerListener.log Command line argument: -Djava.util.logging.manager=org.apache.juli.ClassLoaderLogManager
17-Apr-2026 06:23:26.967 INFO [main] org.apache.catalina.startup.VersionLoggerListener.log Command line argument: -Djdk.tls.ephemeralDHKeySize=2048
17-Apr-2026 06:23:26.967 INFO [main] org.apache.catalina.startup.VersionLoggerListener.log Command line argument: -Djava.protocol.handler.pkgs=org.apache.catalina.webresources
17-Apr-2026 06:23:26.967 INFO [main] org.apache.catalina.startup.VersionLoggerListener.log Command line argument: -Dsun.io.useCanonCaches=false
17-Apr-2026 06:23:26.967 INFO [main] org.apache.catalina.startup.VersionLoggerListener.log Command line argument: -Dorg.apache.catalina.security.SecurityListener.UMASK=0027
17-Apr-2026 06:23:26.967 INFO [main] org.apache.catalina.startup.VersionLoggerListener.log Command line argument: --add-opens=java.base/java.lang=ALL-UNNAMED
17-Apr-2026 06:23:26.967 INFO [main] org.apache.catalina.startup.VersionLoggerListener.log Command line argument: --add-opens=java.base/java.lang.reflect=ALL-UNNAMED
17-Apr-2026 06:23:26.967 INFO [main] org.apache.catalina.startup.VersionLoggerListener.log Command line argument: --add-opens=java.base/java.io=ALL-UNNAMED
17-Apr-2026 06:23:26.967 INFO [main] org.apache.catalina.startup.VersionLoggerListener.log Command line argument: --add-opens=java.base/java.util=ALL-UNNAMED
17-Apr-2026 06:23:26.967 INFO [main] org.apache.catalina.startup.VersionLoggerListener.log Command line argument: --add-opens=java.base/java.util.concurrent=ALL-UNNAMED
17-Apr-2026 06:23:26.967 INFO [main] org.apache.catalina.startup.VersionLoggerListener.log Command line argument: --add-opens=java.rmi/sun.rmi.transport=ALL-UNNAMED
17-Apr-2026 06:23:26.967 INFO [main] org.apache.catalina.startup.VersionLoggerListener.log Command line argument: -Dcatalina.base=/home/psw/Projects/SSP/apache-tomcat-10.1.50
17-Apr-2026 06:23:26.968 INFO [main] org.apache.catalina.startup.VersionLoggerListener.log Command line argument: -Dcatalina.home=/home/psw/Projects/SSP/apache-tomcat-10.1.50
17-Apr-2026 06:23:26.968 INFO [main] org.apache.catalina.startup.VersionLoggerListener.log Command line argument: -Djava.io.tmpdir=/home/psw/Projects/SSP/apache-tomcat-10.1.50/temp
17-Apr-2026 06:23:26.969 INFO [main] org.apache.catalina.core.AprLifecycleListener.lifecycleEvent The Apache Tomcat Native library which allows using OpenSSL was not found on the java.library.path: [/usr/java/packages/lib:/usr/lib64:/lib64:/lib:/usr/lib]
17-Apr-2026 06:23:27.127 INFO [main] org.apache.coyote.AbstractProtocol.init Initializing ProtocolHandler ["http-nio-8080"]
17-Apr-2026 06:23:27.143 INFO [main] org.apache.catalina.startup.Catalina.load Server initialization in [291] milliseconds
17-Apr-2026 06:23:27.168 INFO [main] org.apache.catalina.core.StandardService.startInternal Starting service [Catalina]
17-Apr-2026 06:23:27.168 INFO [main] org.apache.catalina.core.StandardEngine.startInternal Starting Servlet engine: [Apache Tomcat/10.1.50]
17-Apr-2026 06:23:27.179 INFO [main] org.apache.catalina.startup.HostConfig.deployWAR Deploying web application archive [/home/psw/Projects/SSP/apache-tomcat-10.1.50/webapps/logform3138.war]
17-Apr-2026 06:23:27.351 INFO [main] org.apache.jasper.servlet.TldScanner.scanJars At least one JAR was scanned for TLDs yet contained no TLDs. Enable debug logging for this logger for a complete list of JARs that were scanned but no TLDs were found in them. Skipping unneeded JARs during scanning can improve startup time and JSP compilation time.
17-Apr-2026 06:23:27.474 INFO [main] org.apache.catalina.startup.HostConfig.deployWAR Deployment of web application archive [/home/psw/Projects/SSP/apache-tomcat-10.1.50/webapps/logform3138.war] has finished in [293] ms
17-Apr-2026 06:23:27.475 INFO [main] org.apache.catalina.startup.HostConfig.deployWAR Deploying web application archive [/home/psw/Projects/SSP/apache-tomcat-10.1.50/webapps/Practical6.war]
17-Apr-2026 06:23:27.491 INFO [main] org.apache.catalina.startup.HostConfig.deployWAR Deployment of web application archive [/home/psw/Projects/SSP/apache-tomcat-10.1.50/webapps/Practical6.war] has finished in [16] ms
17-Apr-2026 06:23:27.493 INFO [main] org.apache.catalina.startup.HostConfig.deployWAR Deploying web application archive [/home/psw/Projects/SSP/apache-tomcat-10.1.50/webapps/LogForm3138.war]
17-Apr-2026 06:23:27.555 INFO [main] org.apache.jasper.servlet.TldScanner.scanJars At least one JAR was scanned for TLDs yet contained no TLDs. Enable debug logging for this logger for a complete list of JARs that were scanned but no TLDs were found in them. Skipping unneeded JARs during scanning can improve startup time and JSP compilation time.
17-Apr-2026 06:23:27.624 INFO [main] org.apache.catalina.startup.HostConfig.deployWAR Deployment of web application archive [/home/psw/Projects/SSP/apache-tomcat-10.1.50/webapps/LogForm3138.war] has finished in [131] ms
17-Apr-2026 06:23:27.625 INFO [main] org.apache.catalina.startup.HostConfig.deployDirectory Deploying web application directory [/home/psw/Projects/SSP/apache-tomcat-10.1.50/webapps/ROOT]
17-Apr-2026 06:23:27.634 INFO [main] org.apache.catalina.startup.HostConfig.deployDirectory Deployment of web application directory [/home/psw/Projects/SSP/apache-tomcat-10.1.50/webapps/ROOT] has finished in [8] ms
17-Apr-2026 06:23:27.634 INFO [main] org.apache.catalina.startup.HostConfig.deployDirectory Deploying web application directory [/home/psw/Projects/SSP/apache-tomcat-10.1.50/webapps/docs]
17-Apr-2026 06:23:27.647 INFO [main] org.apache.catalina.startup.HostConfig.deployDirectory Deployment of web application directory [/home/psw/Projects/SSP/apache-tomcat-10.1.50/webapps/docs] has finished in [13] ms
17-Apr-2026 06:23:27.647 INFO [main] org.apache.catalina.startup.HostConfig.deployDirectory Deploying web application directory [/home/psw/Projects/SSP/apache-tomcat-10.1.50/webapps/examples]
17-Apr-2026 06:23:27.761 INFO [main] org.apache.catalina.startup.HostConfig.deployDirectory Deployment of web application directory [/home/psw/Projects/SSP/apache-tomcat-10.1.50/webapps/examples] has finished in [114] ms
17-Apr-2026 06:23:27.761 INFO [main] org.apache.catalina.startup.HostConfig.deployDirectory Deploying web application directory [/home/psw/Projects/SSP/apache-tomcat-10.1.50/webapps/host-manager]
17-Apr-2026 06:23:27.774 INFO [main] org.apache.catalina.startup.HostConfig.deployDirectory Deployment of web application directory [/home/psw/Projects/SSP/apache-tomcat-10.1.50/webapps/host-manager] has finished in [13] ms
17-Apr-2026 06:23:27.774 INFO [main] org.apache.catalina.startup.HostConfig.deployDirectory Deploying web application directory [/home/psw/Projects/SSP/apache-tomcat-10.1.50/webapps/manager]
17-Apr-2026 06:23:27.786 INFO [main] org.apache.catalina.startup.HostConfig.deployDirectory Deployment of web application directory [/home/psw/Projects/SSP/apache-tomcat-10.1.50/webapps/manager] has finished in [12] ms
17-Apr-2026 06:23:27.786 INFO [main] org.apache.catalina.startup.HostConfig.deployDirectory Deploying web application directory [/home/psw/Projects/SSP/apache-tomcat-10.1.50/webapps/ServletProject]
17-Apr-2026 06:23:27.798 INFO [main] org.apache.catalina.startup.HostConfig.deployDirectory Deployment of web application directory [/home/psw/Projects/SSP/apache-tomcat-10.1.50/webapps/ServletProject] has finished in [12] ms
17-Apr-2026 06:23:27.798 INFO [main] org.apache.catalina.startup.HostConfig.deployDirectory Deploying web application directory [/home/psw/Projects/SSP/apache-tomcat-10.1.50/webapps/StudentForm]
17-Apr-2026 06:23:27.830 INFO [main] org.apache.jasper.servlet.TldScanner.scanJars At least one JAR was scanned for TLDs yet contained no TLDs. Enable debug logging for this logger for a complete list of JARs that were scanned but no TLDs were found in them. Skipping unneeded JARs during scanning can improve startup time and JSP compilation time.
17-Apr-2026 06:23:27.831 INFO [main] org.apache.catalina.startup.HostConfig.deployDirectory Deployment of web application directory [/home/psw/Projects/SSP/apache-tomcat-10.1.50/webapps/StudentForm] has finished in [33] ms
17-Apr-2026 06:23:27.831 INFO [main] org.apache.catalina.startup.HostConfig.deployDirectory Deploying web application directory [/home/psw/Projects/SSP/apache-tomcat-10.1.50/webapps/Webpage]
17-Apr-2026 06:23:27.838 INFO [main] org.apache.catalina.startup.HostConfig.deployDirectory Deployment of web application directory [/home/psw/Projects/SSP/apache-tomcat-10.1.50/webapps/Webpage] has finished in [7] ms
17-Apr-2026 06:23:27.838 INFO [main] org.apache.catalina.startup.HostConfig.deployDirectory Deploying web application directory [/home/psw/Projects/SSP/apache-tomcat-10.1.50/webapps/SSP6]
17-Apr-2026 06:23:27.845 INFO [main] org.apache.catalina.startup.HostConfig.deployDirectory Deployment of web application directory [/home/psw/Projects/SSP/apache-tomcat-10.1.50/webapps/SSP6] has finished in [7] ms
17-Apr-2026 06:23:27.845 INFO [main] org.apache.catalina.startup.HostConfig.deployDirectory Deploying web application directory [/home/psw/Projects/SSP/apache-tomcat-10.1.50/webapps/Practical8]
17-Apr-2026 06:23:27.850 INFO [main] org.apache.catalina.startup.HostConfig.deployDirectory Deployment of web application directory [/home/psw/Projects/SSP/apache-tomcat-10.1.50/webapps/Practical8] has finished in [5] ms
17-Apr-2026 06:23:27.850 INFO [main] org.apache.catalina.startup.HostConfig.deployDirectory Deploying web application directory [/home/psw/Projects/SSP/apache-tomcat-10.1.50/webapps/SSP51]
17-Apr-2026 06:23:27.856 INFO [main] org.apache.catalina.startup.HostConfig.deployDirectory Deployment of web application directory [/home/psw/Projects/SSP/apache-tomcat-10.1.50/webapps/SSP51] has finished in [6] ms
17-Apr-2026 06:23:27.856 INFO [main] org.apache.catalina.startup.HostConfig.deployDirectory Deploying web application directory [/home/psw/Projects/SSP/apache-tomcat-10.1.50/webapps/SSP61]
17-Apr-2026 06:23:27.871 INFO [main] org.apache.jasper.servlet.TldScanner.scanJars At least one JAR was scanned for TLDs yet contained no TLDs. Enable debug logging for this logger for a complete list of JARs that were scanned but no TLDs were found in them. Skipping unneeded JARs during scanning can improve startup time and JSP compilation time.
17-Apr-2026 06:23:27.872 INFO [main] org.apache.catalina.startup.HostConfig.deployDirectory Deployment of web application directory [/home/psw/Projects/SSP/apache-tomcat-10.1.50/webapps/SSP61] has finished in [16] ms
17-Apr-2026 06:23:27.872 INFO [main] org.apache.catalina.startup.HostConfig.deployDirectory Deploying web application directory [/home/psw/Projects/SSP/apache-tomcat-10.1.50/webapps/SSP3]
17-Apr-2026 06:23:27.881 INFO [main] org.apache.catalina.startup.HostConfig.deployDirectory Deployment of web application directory [/home/psw/Projects/SSP/apache-tomcat-10.1.50/webapps/SSP3] has finished in [9] ms
17-Apr-2026 06:23:27.883 INFO [main] org.apache.coyote.AbstractProtocol.start Starting ProtocolHandler ["http-nio-8080"]
17-Apr-2026 06:23:27.889 INFO [main] org.apache.catalina.startup.Catalina.start Server startup in [744] milliseconds
