17-Feb-2026 09:04:59.758 INFO [main] org.apache.catalina.startup.VersionLoggerListener.log Server version name:   Apache Tomcat/10.1.50
17-Feb-2026 09:04:59.760 INFO [main] org.apache.catalina.startup.VersionLoggerListener.log Server built:          Dec 2 2025 22:57:41 UTC
17-Feb-2026 09:04:59.760 INFO [main] org.apache.catalina.startup.VersionLoggerListener.log Server version number: 10.1.50.0
17-Feb-2026 09:04:59.760 INFO [main] org.apache.catalina.startup.VersionLoggerListener.log OS Name:               Linux
17-Feb-2026 09:04:59.760 INFO [main] org.apache.catalina.startup.VersionLoggerListener.log OS Version:            6.18.7-200.nobara.fc43.x86_64
17-Feb-2026 09:04:59.761 INFO [main] org.apache.catalina.startup.VersionLoggerListener.log Architecture:          amd64
17-Feb-2026 09:04:59.761 INFO [main] org.apache.catalina.startup.VersionLoggerListener.log Java Home:             /usr/lib/jvm/java-25-openjdk
17-Feb-2026 09:04:59.761 INFO [main] org.apache.catalina.startup.VersionLoggerListener.log JVM Version:           25.0.1+8
17-Feb-2026 09:04:59.761 INFO [main] org.apache.catalina.startup.VersionLoggerListener.log JVM Vendor:            Red Hat, Inc.
17-Feb-2026 09:04:59.761 INFO [main] org.apache.catalina.startup.VersionLoggerListener.log CATALINA_BASE:         /home/psw/Projects/SSP/apache-tomcat-10.1.50
17-Feb-2026 09:04:59.761 INFO [main] org.apache.catalina.startup.VersionLoggerListener.log CATALINA_HOME:         /home/psw/Projects/SSP/apache-tomcat-10.1.50
17-Feb-2026 09:04:59.769 INFO [main] org.apache.catalina.startup.VersionLoggerListener.log Command line argument: -Djava.util.logging.config.file=/home/psw/Projects/SSP/apache-tomcat-10.1.50/conf/logging.properties
17-Feb-2026 09:04:59.769 INFO [main] org.apache.catalina.startup.VersionLoggerListener.log Command line argument: -Djava.util.logging.manager=org.apache.juli.ClassLoaderLogManager
17-Feb-2026 09:04:59.769 INFO [main] org.apache.catalina.startup.VersionLoggerListener.log Command line argument: -Djdk.tls.ephemeralDHKeySize=2048
17-Feb-2026 09:04:59.769 INFO [main] org.apache.catalina.startup.VersionLoggerListener.log Command line argument: -Djava.protocol.handler.pkgs=org.apache.catalina.webresources
17-Feb-2026 09:04:59.769 INFO [main] org.apache.catalina.startup.VersionLoggerListener.log Command line argument: -Dsun.io.useCanonCaches=false
17-Feb-2026 09:04:59.769 INFO [main] org.apache.catalina.startup.VersionLoggerListener.log Command line argument: -Dorg.apache.catalina.security.SecurityListener.UMASK=0027
17-Feb-2026 09:04:59.769 INFO [main] org.apache.catalina.startup.VersionLoggerListener.log Command line argument: --add-opens=java.base/java.lang=ALL-UNNAMED
17-Feb-2026 09:04:59.769 INFO [main] org.apache.catalina.startup.VersionLoggerListener.log Command line argument: --add-opens=java.base/java.lang.reflect=ALL-UNNAMED
17-Feb-2026 09:04:59.769 INFO [main] org.apache.catalina.startup.VersionLoggerListener.log Command line argument: --add-opens=java.base/java.io=ALL-UNNAMED
17-Feb-2026 09:04:59.769 INFO [main] org.apache.catalina.startup.VersionLoggerListener.log Command line argument: --add-opens=java.base/java.util=ALL-UNNAMED
17-Feb-2026 09:04:59.769 INFO [main] org.apache.catalina.startup.VersionLoggerListener.log Command line argument: --add-opens=java.base/java.util.concurrent=ALL-UNNAMED
17-Feb-2026 09:04:59.769 INFO [main] org.apache.catalina.startup.VersionLoggerListener.log Command line argument: --add-opens=java.rmi/sun.rmi.transport=ALL-UNNAMED
17-Feb-2026 09:04:59.769 INFO [main] org.apache.catalina.startup.VersionLoggerListener.log Command line argument: -Dcatalina.base=/home/psw/Projects/SSP/apache-tomcat-10.1.50
17-Feb-2026 09:04:59.770 INFO [main] org.apache.catalina.startup.VersionLoggerListener.log Command line argument: -Dcatalina.home=/home/psw/Projects/SSP/apache-tomcat-10.1.50
17-Feb-2026 09:04:59.770 INFO [main] org.apache.catalina.startup.VersionLoggerListener.log Command line argument: -Djava.io.tmpdir=/home/psw/Projects/SSP/apache-tomcat-10.1.50/temp
17-Feb-2026 09:04:59.771 INFO [main] org.apache.catalina.core.AprLifecycleListener.lifecycleEvent The Apache Tomcat Native library which allows using OpenSSL was not found on the java.library.path: [/usr/java/packages/lib:/usr/lib64:/lib64:/lib:/usr/lib]
17-Feb-2026 09:04:59.925 INFO [main] org.apache.coyote.AbstractProtocol.init Initializing ProtocolHandler ["http-nio-8080"]
17-Feb-2026 09:04:59.936 SEVERE [main] org.apache.catalina.util.LifecycleBase.handleSubClassException Failed to initialize component [Connector["http-nio-8080"]]
	org.apache.catalina.LifecycleException: Protocol handler initialization failed
		at org.apache.catalina.connector.Connector.initInternal(Connector.java:1084)
		at org.apache.catalina.util.LifecycleBase.init(LifecycleBase.java:122)
		at org.apache.catalina.core.StandardService.initInternal(StandardService.java:520)
		at org.apache.catalina.util.LifecycleBase.init(LifecycleBase.java:122)
		at org.apache.catalina.core.StandardServer.initInternal(StandardServer.java:955)
		at org.apache.catalina.util.LifecycleBase.init(LifecycleBase.java:122)
		at org.apache.catalina.startup.Catalina.load(Catalina.java:709)
		at org.apache.catalina.startup.Catalina.load(Catalina.java:732)
		at java.base/jdk.internal.reflect.DirectMethodHandleAccessor.invoke(DirectMethodHandleAccessor.java:104)
		at java.base/java.lang.reflect.Method.invoke(Method.java:565)
		at org.apache.catalina.startup.Bootstrap.load(Bootstrap.java:299)
		at org.apache.catalina.startup.Bootstrap.main(Bootstrap.java:472)
	Caused by: java.net.BindException: Address already in use
		at java.base/sun.nio.ch.Net.bind0(Native Method)
		at java.base/sun.nio.ch.Net.bind(Net.java:522)
		at java.base/sun.nio.ch.ServerSocketChannelImpl.netBind(ServerSocketChannelImpl.java:335)
		at java.base/sun.nio.ch.ServerSocketChannelImpl.bind(ServerSocketChannelImpl.java:297)
		at org.apache.tomcat.util.net.NioEndpoint.initServerSocket(NioEndpoint.java:264)
		at org.apache.tomcat.util.net.NioEndpoint.bind(NioEndpoint.java:219)
		at org.apache.tomcat.util.net.AbstractEndpoint.bindWithCleanup(AbstractEndpoint.java:1431)
		at org.apache.tomcat.util.net.AbstractEndpoint.init(AbstractEndpoint.java:1444)
		at org.apache.coyote.AbstractProtocol.init(AbstractProtocol.java:633)
		at org.apache.coyote.http11.AbstractHttp11Protocol.init(AbstractHttp11Protocol.java:82)
		at org.apache.catalina.connector.Connector.initInternal(Connector.java:1082)
		... 11 more
17-Feb-2026 09:04:59.937 INFO [main] org.apache.catalina.startup.Catalina.load Server initialization in [305] milliseconds
17-Feb-2026 09:04:59.958 INFO [main] org.apache.catalina.core.StandardService.startInternal Starting service [Catalina]
17-Feb-2026 09:04:59.958 INFO [main] org.apache.catalina.core.StandardEngine.startInternal Starting Servlet engine: [Apache Tomcat/10.1.50]
17-Feb-2026 09:04:59.972 INFO [main] org.apache.catalina.startup.HostConfig.deployWAR Deploying web application archive [/home/psw/Projects/SSP/apache-tomcat-10.1.50/webapps/logform3138.war]
17-Feb-2026 09:05:00.196 INFO [main] org.apache.jasper.servlet.TldScanner.scanJars At least one JAR was scanned for TLDs yet contained no TLDs. Enable debug logging for this logger for a complete list of JARs that were scanned but no TLDs were found in them. Skipping unneeded JARs during scanning can improve startup time and JSP compilation time.
17-Feb-2026 09:05:00.236 INFO [main] org.apache.catalina.startup.HostConfig.deployWAR Deployment of web application archive [/home/psw/Projects/SSP/apache-tomcat-10.1.50/webapps/logform3138.war] has finished in [263] ms
17-Feb-2026 09:05:00.236 INFO [main] org.apache.catalina.startup.HostConfig.deployDirectory Deploying web application directory [/home/psw/Projects/SSP/apache-tomcat-10.1.50/webapps/ROOT]
17-Feb-2026 09:05:00.246 INFO [main] org.apache.catalina.startup.HostConfig.deployDirectory Deployment of web application directory [/home/psw/Projects/SSP/apache-tomcat-10.1.50/webapps/ROOT] has finished in [10] ms
17-Feb-2026 09:05:00.246 INFO [main] org.apache.catalina.startup.HostConfig.deployDirectory Deploying web application directory [/home/psw/Projects/SSP/apache-tomcat-10.1.50/webapps/docs]
17-Feb-2026 09:05:00.259 INFO [main] org.apache.catalina.startup.HostConfig.deployDirectory Deployment of web application directory [/home/psw/Projects/SSP/apache-tomcat-10.1.50/webapps/docs] has finished in [12] ms
17-Feb-2026 09:05:00.259 INFO [main] org.apache.catalina.startup.HostConfig.deployDirectory Deploying web application directory [/home/psw/Projects/SSP/apache-tomcat-10.1.50/webapps/examples]
17-Feb-2026 09:05:00.370 INFO [main] org.apache.catalina.startup.HostConfig.deployDirectory Deployment of web application directory [/home/psw/Projects/SSP/apache-tomcat-10.1.50/webapps/examples] has finished in [111] ms
17-Feb-2026 09:05:00.371 INFO [main] org.apache.catalina.startup.HostConfig.deployDirectory Deploying web application directory [/home/psw/Projects/SSP/apache-tomcat-10.1.50/webapps/host-manager]
17-Feb-2026 09:05:00.387 INFO [main] org.apache.catalina.startup.HostConfig.deployDirectory Deployment of web application directory [/home/psw/Projects/SSP/apache-tomcat-10.1.50/webapps/host-manager] has finished in [17] ms
17-Feb-2026 09:05:00.388 INFO [main] org.apache.catalina.startup.HostConfig.deployDirectory Deploying web application directory [/home/psw/Projects/SSP/apache-tomcat-10.1.50/webapps/manager]
17-Feb-2026 09:05:00.406 INFO [main] org.apache.catalina.startup.HostConfig.deployDirectory Deployment of web application directory [/home/psw/Projects/SSP/apache-tomcat-10.1.50/webapps/manager] has finished in [17] ms
17-Feb-2026 09:05:00.406 INFO [main] org.apache.catalina.startup.HostConfig.deployDirectory Deploying web application directory [/home/psw/Projects/SSP/apache-tomcat-10.1.50/webapps/ServletProject]
17-Feb-2026 09:05:00.418 INFO [main] org.apache.catalina.startup.HostConfig.deployDirectory Deployment of web application directory [/home/psw/Projects/SSP/apache-tomcat-10.1.50/webapps/ServletProject] has finished in [12] ms
17-Feb-2026 09:05:00.418 INFO [main] org.apache.catalina.startup.HostConfig.deployDirectory Deploying web application directory [/home/psw/Projects/SSP/apache-tomcat-10.1.50/webapps/StudentForm]
17-Feb-2026 09:05:00.452 INFO [main] org.apache.jasper.servlet.TldScanner.scanJars At least one JAR was scanned for TLDs yet contained no TLDs. Enable debug logging for this logger for a complete list of JARs that were scanned but no TLDs were found in them. Skipping unneeded JARs during scanning can improve startup time and JSP compilation time.
17-Feb-2026 09:05:00.453 INFO [main] org.apache.catalina.startup.HostConfig.deployDirectory Deployment of web application directory [/home/psw/Projects/SSP/apache-tomcat-10.1.50/webapps/StudentForm] has finished in [35] ms
17-Feb-2026 09:05:00.455 INFO [main] org.apache.catalina.startup.Catalina.start Server startup in [518] milliseconds
17-Feb-2026 09:10:48.078 INFO [main] org.apache.catalina.core.StandardServer.await A valid shutdown command was received via the shutdown port. Stopping the Server instance.
17-Feb-2026 09:10:48.079 INFO [main] org.apache.coyote.AbstractProtocol.pause Pausing ProtocolHandler ["http-nio-8080"]
17-Feb-2026 09:10:48.079 INFO [main] org.apache.catalina.core.StandardService.stopInternal Stopping service [Catalina]
17-Feb-2026 09:10:48.092 INFO [main] org.apache.coyote.AbstractProtocol.stop Stopping ProtocolHandler ["http-nio-8080"]
17-Feb-2026 09:10:48.093 INFO [main] org.apache.coyote.AbstractProtocol.destroy Destroying ProtocolHandler ["http-nio-8080"]
17-Feb-2026 09:10:49.331 INFO [main] org.apache.catalina.startup.VersionLoggerListener.log Server version name:   Apache Tomcat/10.1.50
17-Feb-2026 09:10:49.333 INFO [main] org.apache.catalina.startup.VersionLoggerListener.log Server built:          Dec 2 2025 22:57:41 UTC
17-Feb-2026 09:10:49.333 INFO [main] org.apache.catalina.startup.VersionLoggerListener.log Server version number: 10.1.50.0
17-Feb-2026 09:10:49.333 INFO [main] org.apache.catalina.startup.VersionLoggerListener.log OS Name:               Linux
17-Feb-2026 09:10:49.333 INFO [main] org.apache.catalina.startup.VersionLoggerListener.log OS Version:            6.18.7-200.nobara.fc43.x86_64
17-Feb-2026 09:10:49.333 INFO [main] org.apache.catalina.startup.VersionLoggerListener.log Architecture:          amd64
17-Feb-2026 09:10:49.333 INFO [main] org.apache.catalina.startup.VersionLoggerListener.log Java Home:             /usr/lib/jvm/java-25-openjdk
17-Feb-2026 09:10:49.333 INFO [main] org.apache.catalina.startup.VersionLoggerListener.log JVM Version:           25.0.1+8
17-Feb-2026 09:10:49.333 INFO [main] org.apache.catalina.startup.VersionLoggerListener.log JVM Vendor:            Red Hat, Inc.
17-Feb-2026 09:10:49.333 INFO [main] org.apache.catalina.startup.VersionLoggerListener.log CATALINA_BASE:         /home/psw/Projects/SSP/apache-tomcat-10.1.50
17-Feb-2026 09:10:49.333 INFO [main] org.apache.catalina.startup.VersionLoggerListener.log CATALINA_HOME:         /home/psw/Projects/SSP/apache-tomcat-10.1.50
17-Feb-2026 09:10:49.340 INFO [main] org.apache.catalina.startup.VersionLoggerListener.log Command line argument: -Djava.util.logging.config.file=/home/psw/Projects/SSP/apache-tomcat-10.1.50/conf/logging.properties
17-Feb-2026 09:10:49.340 INFO [main] org.apache.catalina.startup.VersionLoggerListener.log Command line argument: -Djava.util.logging.manager=org.apache.juli.ClassLoaderLogManager
17-Feb-2026 09:10:49.340 INFO [main] org.apache.catalina.startup.VersionLoggerListener.log Command line argument: -Djdk.tls.ephemeralDHKeySize=2048
17-Feb-2026 09:10:49.340 INFO [main] org.apache.catalina.startup.VersionLoggerListener.log Command line argument: -Djava.protocol.handler.pkgs=org.apache.catalina.webresources
17-Feb-2026 09:10:49.340 INFO [main] org.apache.catalina.startup.VersionLoggerListener.log Command line argument: -Dsun.io.useCanonCaches=false
17-Feb-2026 09:10:49.340 INFO [main] org.apache.catalina.startup.VersionLoggerListener.log Command line argument: -Dorg.apache.catalina.security.SecurityListener.UMASK=0027
17-Feb-2026 09:10:49.341 INFO [main] org.apache.catalina.startup.VersionLoggerListener.log Command line argument: --add-opens=java.base/java.lang=ALL-UNNAMED
17-Feb-2026 09:10:49.341 INFO [main] org.apache.catalina.startup.VersionLoggerListener.log Command line argument: --add-opens=java.base/java.lang.reflect=ALL-UNNAMED
17-Feb-2026 09:10:49.341 INFO [main] org.apache.catalina.startup.VersionLoggerListener.log Command line argument: --add-opens=java.base/java.io=ALL-UNNAMED
17-Feb-2026 09:10:49.341 INFO [main] org.apache.catalina.startup.VersionLoggerListener.log Command line argument: --add-opens=java.base/java.util=ALL-UNNAMED
17-Feb-2026 09:10:49.341 INFO [main] org.apache.catalina.startup.VersionLoggerListener.log Command line argument: --add-opens=java.base/java.util.concurrent=ALL-UNNAMED
17-Feb-2026 09:10:49.341 INFO [main] org.apache.catalina.startup.VersionLoggerListener.log Command line argument: --add-opens=java.rmi/sun.rmi.transport=ALL-UNNAMED
17-Feb-2026 09:10:49.341 INFO [main] org.apache.catalina.startup.VersionLoggerListener.log Command line argument: -Dcatalina.base=/home/psw/Projects/SSP/apache-tomcat-10.1.50
17-Feb-2026 09:10:49.341 INFO [main] org.apache.catalina.startup.VersionLoggerListener.log Command line argument: -Dcatalina.home=/home/psw/Projects/SSP/apache-tomcat-10.1.50
17-Feb-2026 09:10:49.341 INFO [main] org.apache.catalina.startup.VersionLoggerListener.log Command line argument: -Djava.io.tmpdir=/home/psw/Projects/SSP/apache-tomcat-10.1.50/temp
17-Feb-2026 09:10:49.342 INFO [main] org.apache.catalina.core.AprLifecycleListener.lifecycleEvent The Apache Tomcat Native library which allows using OpenSSL was not found on the java.library.path: [/usr/java/packages/lib:/usr/lib64:/lib64:/lib:/usr/lib]
17-Feb-2026 09:10:49.499 INFO [main] org.apache.coyote.AbstractProtocol.init Initializing ProtocolHandler ["http-nio-8081"]
17-Feb-2026 09:10:49.511 INFO [main] org.apache.catalina.startup.Catalina.load Server initialization in [284] milliseconds
17-Feb-2026 09:10:49.534 INFO [main] org.apache.catalina.core.StandardService.startInternal Starting service [Catalina]
17-Feb-2026 09:10:49.534 INFO [main] org.apache.catalina.core.StandardEngine.startInternal Starting Servlet engine: [Apache Tomcat/10.1.50]
17-Feb-2026 09:10:49.547 INFO [main] org.apache.catalina.startup.HostConfig.deployWAR Deploying web application archive [/home/psw/Projects/SSP/apache-tomcat-10.1.50/webapps/logform3138.war]
17-Feb-2026 09:10:49.713 INFO [main] org.apache.jasper.servlet.TldScanner.scanJars At least one JAR was scanned for TLDs yet contained no TLDs. Enable debug logging for this logger for a complete list of JARs that were scanned but no TLDs were found in them. Skipping unneeded JARs during scanning can improve startup time and JSP compilation time.
17-Feb-2026 09:10:49.745 INFO [main] org.apache.catalina.startup.HostConfig.deployWAR Deployment of web application archive [/home/psw/Projects/SSP/apache-tomcat-10.1.50/webapps/logform3138.war] has finished in [197] ms
17-Feb-2026 09:10:49.745 INFO [main] org.apache.catalina.startup.HostConfig.deployDirectory Deploying web application directory [/home/psw/Projects/SSP/apache-tomcat-10.1.50/webapps/ROOT]
17-Feb-2026 09:10:49.754 INFO [main] org.apache.catalina.startup.HostConfig.deployDirectory Deployment of web application directory [/home/psw/Projects/SSP/apache-tomcat-10.1.50/webapps/ROOT] has finished in [9] ms
17-Feb-2026 09:10:49.755 INFO [main] org.apache.catalina.startup.HostConfig.deployDirectory Deploying web application directory [/home/psw/Projects/SSP/apache-tomcat-10.1.50/webapps/docs]
17-Feb-2026 09:10:49.766 INFO [main] org.apache.catalina.startup.HostConfig.deployDirectory Deployment of web application directory [/home/psw/Projects/SSP/apache-tomcat-10.1.50/webapps/docs] has finished in [11] ms
17-Feb-2026 09:10:49.766 INFO [main] org.apache.catalina.startup.HostConfig.deployDirectory Deploying web application directory [/home/psw/Projects/SSP/apache-tomcat-10.1.50/webapps/examples]
17-Feb-2026 09:10:49.860 INFO [main] org.apache.catalina.startup.HostConfig.deployDirectory Deployment of web application directory [/home/psw/Projects/SSP/apache-tomcat-10.1.50/webapps/examples] has finished in [94] ms
17-Feb-2026 09:10:49.860 INFO [main] org.apache.catalina.startup.HostConfig.deployDirectory Deploying web application directory [/home/psw/Projects/SSP/apache-tomcat-10.1.50/webapps/host-manager]
17-Feb-2026 09:10:49.872 INFO [main] org.apache.catalina.startup.HostConfig.deployDirectory Deployment of web application directory [/home/psw/Projects/SSP/apache-tomcat-10.1.50/webapps/host-manager] has finished in [11] ms
17-Feb-2026 09:10:49.872 INFO [main] org.apache.catalina.startup.HostConfig.deployDirectory Deploying web application directory [/home/psw/Projects/SSP/apache-tomcat-10.1.50/webapps/manager]
17-Feb-2026 09:10:49.882 INFO [main] org.apache.catalina.startup.HostConfig.deployDirectory Deployment of web application directory [/home/psw/Projects/SSP/apache-tomcat-10.1.50/webapps/manager] has finished in [10] ms
17-Feb-2026 09:10:49.882 INFO [main] org.apache.catalina.startup.HostConfig.deployDirectory Deploying web application directory [/home/psw/Projects/SSP/apache-tomcat-10.1.50/webapps/ServletProject]
17-Feb-2026 09:10:49.893 INFO [main] org.apache.catalina.startup.HostConfig.deployDirectory Deployment of web application directory [/home/psw/Projects/SSP/apache-tomcat-10.1.50/webapps/ServletProject] has finished in [10] ms
17-Feb-2026 09:10:49.893 INFO [main] org.apache.catalina.startup.HostConfig.deployDirectory Deploying web application directory [/home/psw/Projects/SSP/apache-tomcat-10.1.50/webapps/StudentForm]
17-Feb-2026 09:10:49.933 INFO [main] org.apache.jasper.servlet.TldScanner.scanJars At least one JAR was scanned for TLDs yet contained no TLDs. Enable debug logging for this logger for a complete list of JARs that were scanned but no TLDs were found in them. Skipping unneeded JARs during scanning can improve startup time and JSP compilation time.
17-Feb-2026 09:10:49.934 INFO [main] org.apache.catalina.startup.HostConfig.deployDirectory Deployment of web application directory [/home/psw/Projects/SSP/apache-tomcat-10.1.50/webapps/StudentForm] has finished in [41] ms
17-Feb-2026 09:10:49.936 INFO [main] org.apache.coyote.AbstractProtocol.start Starting ProtocolHandler ["http-nio-8081"]
17-Feb-2026 09:10:49.943 INFO [main] org.apache.catalina.startup.Catalina.start Server startup in [431] milliseconds
17-Feb-2026 09:25:25.051 INFO [main] org.apache.catalina.core.StandardServer.await A valid shutdown command was received via the shutdown port. Stopping the Server instance.
17-Feb-2026 09:25:25.052 INFO [main] org.apache.coyote.AbstractProtocol.pause Pausing ProtocolHandler ["http-nio-8081"]
17-Feb-2026 09:25:25.057 INFO [main] org.apache.catalina.core.StandardService.stopInternal Stopping service [Catalina]
17-Feb-2026 09:25:25.081 WARNING [main] org.apache.catalina.loader.WebappClassLoaderBase.clearReferencesJdbc The web application [logform3138] registered the JDBC driver [org.sqlite.JDBC] but failed to unregister it when the web application was stopped. To prevent a memory leak, the JDBC Driver has been forcibly unregistered.
17-Feb-2026 09:25:25.084 INFO [main] org.apache.coyote.AbstractProtocol.stop Stopping ProtocolHandler ["http-nio-8081"]
17-Feb-2026 09:25:25.089 INFO [main] org.apache.coyote.AbstractProtocol.destroy Destroying ProtocolHandler ["http-nio-8081"]
17-Feb-2026 09:25:26.293 INFO [main] org.apache.catalina.startup.VersionLoggerListener.log Server version name:   Apache Tomcat/10.1.50
17-Feb-2026 09:25:26.295 INFO [main] org.apache.catalina.startup.VersionLoggerListener.log Server built:          Dec 2 2025 22:57:41 UTC
17-Feb-2026 09:25:26.295 INFO [main] org.apache.catalina.startup.VersionLoggerListener.log Server version number: 10.1.50.0
17-Feb-2026 09:25:26.295 INFO [main] org.apache.catalina.startup.VersionLoggerListener.log OS Name:               Linux
17-Feb-2026 09:25:26.295 INFO [main] org.apache.catalina.startup.VersionLoggerListener.log OS Version:            6.18.7-200.nobara.fc43.x86_64
17-Feb-2026 09:25:26.295 INFO [main] org.apache.catalina.startup.VersionLoggerListener.log Architecture:          amd64
17-Feb-2026 09:25:26.295 INFO [main] org.apache.catalina.startup.VersionLoggerListener.log Java Home:             /usr/lib/jvm/java-25-openjdk
17-Feb-2026 09:25:26.296 INFO [main] org.apache.catalina.startup.VersionLoggerListener.log JVM Version:           25.0.1+8
17-Feb-2026 09:25:26.296 INFO [main] org.apache.catalina.startup.VersionLoggerListener.log JVM Vendor:            Red Hat, Inc.
17-Feb-2026 09:25:26.296 INFO [main] org.apache.catalina.startup.VersionLoggerListener.log CATALINA_BASE:         /home/psw/Projects/SSP/apache-tomcat-10.1.50
17-Feb-2026 09:25:26.296 INFO [main] org.apache.catalina.startup.VersionLoggerListener.log CATALINA_HOME:         /home/psw/Projects/SSP/apache-tomcat-10.1.50
17-Feb-2026 09:25:26.303 INFO [main] org.apache.catalina.startup.VersionLoggerListener.log Command line argument: -Djava.util.logging.config.file=/home/psw/Projects/SSP/apache-tomcat-10.1.50/conf/logging.properties
17-Feb-2026 09:25:26.303 INFO [main] org.apache.catalina.startup.VersionLoggerListener.log Command line argument: -Djava.util.logging.manager=org.apache.juli.ClassLoaderLogManager
17-Feb-2026 09:25:26.303 INFO [main] org.apache.catalina.startup.VersionLoggerListener.log Command line argument: -Djdk.tls.ephemeralDHKeySize=2048
17-Feb-2026 09:25:26.303 INFO [main] org.apache.catalina.startup.VersionLoggerListener.log Command line argument: -Djava.protocol.handler.pkgs=org.apache.catalina.webresources
17-Feb-2026 09:25:26.303 INFO [main] org.apache.catalina.startup.VersionLoggerListener.log Command line argument: -Dsun.io.useCanonCaches=false
17-Feb-2026 09:25:26.303 INFO [main] org.apache.catalina.startup.VersionLoggerListener.log Command line argument: -Dorg.apache.catalina.security.SecurityListener.UMASK=0027
17-Feb-2026 09:25:26.303 INFO [main] org.apache.catalina.startup.VersionLoggerListener.log Command line argument: --add-opens=java.base/java.lang=ALL-UNNAMED
17-Feb-2026 09:25:26.303 INFO [main] org.apache.catalina.startup.VersionLoggerListener.log Command line argument: --add-opens=java.base/java.lang.reflect=ALL-UNNAMED
17-Feb-2026 09:25:26.303 INFO [main] org.apache.catalina.startup.VersionLoggerListener.log Command line argument: --add-opens=java.base/java.io=ALL-UNNAMED
17-Feb-2026 09:25:26.304 INFO [main] org.apache.catalina.startup.VersionLoggerListener.log Command line argument: --add-opens=java.base/java.util=ALL-UNNAMED
17-Feb-2026 09:25:26.304 INFO [main] org.apache.catalina.startup.VersionLoggerListener.log Command line argument: --add-opens=java.base/java.util.concurrent=ALL-UNNAMED
17-Feb-2026 09:25:26.304 INFO [main] org.apache.catalina.startup.VersionLoggerListener.log Command line argument: --add-opens=java.rmi/sun.rmi.transport=ALL-UNNAMED
17-Feb-2026 09:25:26.304 INFO [main] org.apache.catalina.startup.VersionLoggerListener.log Command line argument: -Dcatalina.base=/home/psw/Projects/SSP/apache-tomcat-10.1.50
17-Feb-2026 09:25:26.304 INFO [main] org.apache.catalina.startup.VersionLoggerListener.log Command line argument: -Dcatalina.home=/home/psw/Projects/SSP/apache-tomcat-10.1.50
17-Feb-2026 09:25:26.304 INFO [main] org.apache.catalina.startup.VersionLoggerListener.log Command line argument: -Djava.io.tmpdir=/home/psw/Projects/SSP/apache-tomcat-10.1.50/temp
17-Feb-2026 09:25:26.305 INFO [main] org.apache.catalina.core.AprLifecycleListener.lifecycleEvent The Apache Tomcat Native library which allows using OpenSSL was not found on the java.library.path: [/usr/java/packages/lib:/usr/lib64:/lib64:/lib:/usr/lib]
17-Feb-2026 09:25:26.452 INFO [main] org.apache.coyote.AbstractProtocol.init Initializing ProtocolHandler ["http-nio-8081"]
17-Feb-2026 09:25:26.463 INFO [main] org.apache.catalina.startup.Catalina.load Server initialization in [281] milliseconds
17-Feb-2026 09:25:26.483 INFO [main] org.apache.catalina.core.StandardService.startInternal Starting service [Catalina]
17-Feb-2026 09:25:26.483 INFO [main] org.apache.catalina.core.StandardEngine.startInternal Starting Servlet engine: [Apache Tomcat/10.1.50]
17-Feb-2026 09:25:26.495 INFO [main] org.apache.catalina.startup.HostConfig.deployWAR Deploying web application archive [/home/psw/Projects/SSP/apache-tomcat-10.1.50/webapps/logform3138.war]
17-Feb-2026 09:25:26.506 INFO [main] org.apache.catalina.startup.ExpandWar.expand An expanded directory [/home/psw/Projects/SSP/apache-tomcat-10.1.50/webapps/logform3138] was found with a last modified time that did not match the associated WAR. It will be deleted.
17-Feb-2026 09:25:26.692 INFO [main] org.apache.jasper.servlet.TldScanner.scanJars At least one JAR was scanned for TLDs yet contained no TLDs. Enable debug logging for this logger for a complete list of JARs that were scanned but no TLDs were found in them. Skipping unneeded JARs during scanning can improve startup time and JSP compilation time.
17-Feb-2026 09:25:26.819 INFO [main] org.apache.catalina.startup.HostConfig.deployWAR Deployment of web application archive [/home/psw/Projects/SSP/apache-tomcat-10.1.50/webapps/logform3138.war] has finished in [322] ms
17-Feb-2026 09:25:26.820 INFO [main] org.apache.catalina.startup.HostConfig.deployDirectory Deploying web application directory [/home/psw/Projects/SSP/apache-tomcat-10.1.50/webapps/ROOT]
17-Feb-2026 09:25:26.829 INFO [main] org.apache.catalina.startup.HostConfig.deployDirectory Deployment of web application directory [/home/psw/Projects/SSP/apache-tomcat-10.1.50/webapps/ROOT] has finished in [9] ms
17-Feb-2026 09:25:26.830 INFO [main] org.apache.catalina.startup.HostConfig.deployDirectory Deploying web application directory [/home/psw/Projects/SSP/apache-tomcat-10.1.50/webapps/docs]
17-Feb-2026 09:25:26.842 INFO [main] org.apache.catalina.startup.HostConfig.deployDirectory Deployment of web application directory [/home/psw/Projects/SSP/apache-tomcat-10.1.50/webapps/docs] has finished in [12] ms
17-Feb-2026 09:25:26.842 INFO [main] org.apache.catalina.startup.HostConfig.deployDirectory Deploying web application directory [/home/psw/Projects/SSP/apache-tomcat-10.1.50/webapps/examples]
17-Feb-2026 09:25:26.954 INFO [main] org.apache.catalina.startup.HostConfig.deployDirectory Deployment of web application directory [/home/psw/Projects/SSP/apache-tomcat-10.1.50/webapps/examples] has finished in [112] ms
17-Feb-2026 09:25:26.954 INFO [main] org.apache.catalina.startup.HostConfig.deployDirectory Deploying web application directory [/home/psw/Projects/SSP/apache-tomcat-10.1.50/webapps/host-manager]
17-Feb-2026 09:25:26.966 INFO [main] org.apache.catalina.startup.HostConfig.deployDirectory Deployment of web application directory [/home/psw/Projects/SSP/apache-tomcat-10.1.50/webapps/host-manager] has finished in [12] ms
17-Feb-2026 09:25:26.967 INFO [main] org.apache.catalina.startup.HostConfig.deployDirectory Deploying web application directory [/home/psw/Projects/SSP/apache-tomcat-10.1.50/webapps/manager]
17-Feb-2026 09:25:26.979 INFO [main] org.apache.catalina.startup.HostConfig.deployDirectory Deployment of web application directory [/home/psw/Projects/SSP/apache-tomcat-10.1.50/webapps/manager] has finished in [11] ms
17-Feb-2026 09:25:26.979 INFO [main] org.apache.catalina.startup.HostConfig.deployDirectory Deploying web application directory [/home/psw/Projects/SSP/apache-tomcat-10.1.50/webapps/ServletProject]
17-Feb-2026 09:25:26.994 INFO [main] org.apache.catalina.startup.HostConfig.deployDirectory Deployment of web application directory [/home/psw/Projects/SSP/apache-tomcat-10.1.50/webapps/ServletProject] has finished in [15] ms
17-Feb-2026 09:25:26.994 INFO [main] org.apache.catalina.startup.HostConfig.deployDirectory Deploying web application directory [/home/psw/Projects/SSP/apache-tomcat-10.1.50/webapps/StudentForm]
17-Feb-2026 09:25:27.032 INFO [main] org.apache.jasper.servlet.TldScanner.scanJars At least one JAR was scanned for TLDs yet contained no TLDs. Enable debug logging for this logger for a complete list of JARs that were scanned but no TLDs were found in them. Skipping unneeded JARs during scanning can improve startup time and JSP compilation time.
17-Feb-2026 09:25:27.034 INFO [main] org.apache.catalina.startup.HostConfig.deployDirectory Deployment of web application directory [/home/psw/Projects/SSP/apache-tomcat-10.1.50/webapps/StudentForm] has finished in [40] ms
17-Feb-2026 09:25:27.036 INFO [main] org.apache.coyote.AbstractProtocol.start Starting ProtocolHandler ["http-nio-8081"]
17-Feb-2026 09:25:27.042 INFO [main] org.apache.catalina.startup.Catalina.start Server startup in [577] milliseconds
17-Feb-2026 09:26:03.962 INFO [main] org.apache.catalina.core.StandardServer.await A valid shutdown command was received via the shutdown port. Stopping the Server instance.
17-Feb-2026 09:26:03.962 INFO [main] org.apache.coyote.AbstractProtocol.pause Pausing ProtocolHandler ["http-nio-8081"]
17-Feb-2026 09:26:03.965 INFO [main] org.apache.catalina.core.StandardService.stopInternal Stopping service [Catalina]
17-Feb-2026 09:26:03.977 WARNING [main] org.apache.catalina.loader.WebappClassLoaderBase.clearReferencesJdbc The web application [logform3138] registered the JDBC driver [org.sqlite.JDBC] but failed to unregister it when the web application was stopped. To prevent a memory leak, the JDBC Driver has been forcibly unregistered.
17-Feb-2026 09:26:03.980 INFO [main] org.apache.coyote.AbstractProtocol.stop Stopping ProtocolHandler ["http-nio-8081"]
17-Feb-2026 09:26:03.987 INFO [main] org.apache.coyote.AbstractProtocol.destroy Destroying ProtocolHandler ["http-nio-8081"]
17-Feb-2026 09:26:05.183 INFO [main] org.apache.catalina.startup.VersionLoggerListener.log Server version name:   Apache Tomcat/10.1.50
17-Feb-2026 09:26:05.185 INFO [main] org.apache.catalina.startup.VersionLoggerListener.log Server built:          Dec 2 2025 22:57:41 UTC
17-Feb-2026 09:26:05.185 INFO [main] org.apache.catalina.startup.VersionLoggerListener.log Server version number: 10.1.50.0
17-Feb-2026 09:26:05.185 INFO [main] org.apache.catalina.startup.VersionLoggerListener.log OS Name:               Linux
17-Feb-2026 09:26:05.185 INFO [main] org.apache.catalina.startup.VersionLoggerListener.log OS Version:            6.18.7-200.nobara.fc43.x86_64
17-Feb-2026 09:26:05.185 INFO [main] org.apache.catalina.startup.VersionLoggerListener.log Architecture:          amd64
17-Feb-2026 09:26:05.185 INFO [main] org.apache.catalina.startup.VersionLoggerListener.log Java Home:             /usr/lib/jvm/java-25-openjdk
17-Feb-2026 09:26:05.185 INFO [main] org.apache.catalina.startup.VersionLoggerListener.log JVM Version:           25.0.1+8
17-Feb-2026 09:26:05.185 INFO [main] org.apache.catalina.startup.VersionLoggerListener.log JVM Vendor:            Red Hat, Inc.
17-Feb-2026 09:26:05.185 INFO [main] org.apache.catalina.startup.VersionLoggerListener.log CATALINA_BASE:         /home/psw/Projects/SSP/apache-tomcat-10.1.50
17-Feb-2026 09:26:05.185 INFO [main] org.apache.catalina.startup.VersionLoggerListener.log CATALINA_HOME:         /home/psw/Projects/SSP/apache-tomcat-10.1.50
17-Feb-2026 09:26:05.190 INFO [main] org.apache.catalina.startup.VersionLoggerListener.log Command line argument: -Djava.util.logging.config.file=/home/psw/Projects/SSP/apache-tomcat-10.1.50/conf/logging.properties
17-Feb-2026 09:26:05.190 INFO [main] org.apache.catalina.startup.VersionLoggerListener.log Command line argument: -Djava.util.logging.manager=org.apache.juli.ClassLoaderLogManager
17-Feb-2026 09:26:05.190 INFO [main] org.apache.catalina.startup.VersionLoggerListener.log Command line argument: -Djdk.tls.ephemeralDHKeySize=2048
17-Feb-2026 09:26:05.190 INFO [main] org.apache.catalina.startup.VersionLoggerListener.log Command line argument: -Djava.protocol.handler.pkgs=org.apache.catalina.webresources
17-Feb-2026 09:26:05.190 INFO [main] org.apache.catalina.startup.VersionLoggerListener.log Command line argument: -Dsun.io.useCanonCaches=false
17-Feb-2026 09:26:05.190 INFO [main] org.apache.catalina.startup.VersionLoggerListener.log Command line argument: -Dorg.apache.catalina.security.SecurityListener.UMASK=0027
17-Feb-2026 09:26:05.190 INFO [main] org.apache.catalina.startup.VersionLoggerListener.log Command line argument: --add-opens=java.base/java.lang=ALL-UNNAMED
17-Feb-2026 09:26:05.190 INFO [main] org.apache.catalina.startup.VersionLoggerListener.log Command line argument: --add-opens=java.base/java.lang.reflect=ALL-UNNAMED
17-Feb-2026 09:26:05.190 INFO [main] org.apache.catalina.startup.VersionLoggerListener.log Command line argument: --add-opens=java.base/java.io=ALL-UNNAMED
17-Feb-2026 09:26:05.191 INFO [main] org.apache.catalina.startup.VersionLoggerListener.log Command line argument: --add-opens=java.base/java.util=ALL-UNNAMED
17-Feb-2026 09:26:05.191 INFO [main] org.apache.catalina.startup.VersionLoggerListener.log Command line argument: --add-opens=java.base/java.util.concurrent=ALL-UNNAMED
17-Feb-2026 09:26:05.191 INFO [main] org.apache.catalina.startup.VersionLoggerListener.log Command line argument: --add-opens=java.rmi/sun.rmi.transport=ALL-UNNAMED
17-Feb-2026 09:26:05.191 INFO [main] org.apache.catalina.startup.VersionLoggerListener.log Command line argument: -Dcatalina.base=/home/psw/Projects/SSP/apache-tomcat-10.1.50
17-Feb-2026 09:26:05.191 INFO [main] org.apache.catalina.startup.VersionLoggerListener.log Command line argument: -Dcatalina.home=/home/psw/Projects/SSP/apache-tomcat-10.1.50
17-Feb-2026 09:26:05.191 INFO [main] org.apache.catalina.startup.VersionLoggerListener.log Command line argument: -Djava.io.tmpdir=/home/psw/Projects/SSP/apache-tomcat-10.1.50/temp
17-Feb-2026 09:26:05.192 INFO [main] org.apache.catalina.core.AprLifecycleListener.lifecycleEvent The Apache Tomcat Native library which allows using OpenSSL was not found on the java.library.path: [/usr/java/packages/lib:/usr/lib64:/lib64:/lib:/usr/lib]
17-Feb-2026 09:26:05.344 INFO [main] org.apache.coyote.AbstractProtocol.init Initializing ProtocolHandler ["http-nio-8081"]
17-Feb-2026 09:26:05.356 INFO [main] org.apache.catalina.startup.Catalina.load Server initialization in [269] milliseconds
17-Feb-2026 09:26:05.377 INFO [main] org.apache.catalina.core.StandardService.startInternal Starting service [Catalina]
17-Feb-2026 09:26:05.377 INFO [main] org.apache.catalina.core.StandardEngine.startInternal Starting Servlet engine: [Apache Tomcat/10.1.50]
17-Feb-2026 09:26:05.391 INFO [main] org.apache.catalina.startup.HostConfig.deployWAR Deploying web application archive [/home/psw/Projects/SSP/apache-tomcat-10.1.50/webapps/logform3138.war]
17-Feb-2026 09:26:05.401 INFO [main] org.apache.catalina.startup.ExpandWar.expand An expanded directory [/home/psw/Projects/SSP/apache-tomcat-10.1.50/webapps/logform3138] was found with a last modified time that did not match the associated WAR. It will be deleted.
17-Feb-2026 09:26:05.571 INFO [main] org.apache.jasper.servlet.TldScanner.scanJars At least one JAR was scanned for TLDs yet contained no TLDs. Enable debug logging for this logger for a complete list of JARs that were scanned but no TLDs were found in them. Skipping unneeded JARs during scanning can improve startup time and JSP compilation time.
17-Feb-2026 09:26:05.691 INFO [main] org.apache.catalina.startup.HostConfig.deployWAR Deployment of web application archive [/home/psw/Projects/SSP/apache-tomcat-10.1.50/webapps/logform3138.war] has finished in [299] ms
17-Feb-2026 09:26:05.691 INFO [main] org.apache.catalina.startup.HostConfig.deployDirectory Deploying web application directory [/home/psw/Projects/SSP/apache-tomcat-10.1.50/webapps/ROOT]
17-Feb-2026 09:26:05.701 INFO [main] org.apache.catalina.startup.HostConfig.deployDirectory Deployment of web application directory [/home/psw/Projects/SSP/apache-tomcat-10.1.50/webapps/ROOT] has finished in [10] ms
17-Feb-2026 09:26:05.702 INFO [main] org.apache.catalina.startup.HostConfig.deployDirectory Deploying web application directory [/home/psw/Projects/SSP/apache-tomcat-10.1.50/webapps/docs]
17-Feb-2026 09:26:05.713 INFO [main] org.apache.catalina.startup.HostConfig.deployDirectory Deployment of web application directory [/home/psw/Projects/SSP/apache-tomcat-10.1.50/webapps/docs] has finished in [11] ms
17-Feb-2026 09:26:05.713 INFO [main] org.apache.catalina.startup.HostConfig.deployDirectory Deploying web application directory [/home/psw/Projects/SSP/apache-tomcat-10.1.50/webapps/examples]
17-Feb-2026 09:26:05.823 INFO [main] org.apache.catalina.startup.HostConfig.deployDirectory Deployment of web application directory [/home/psw/Projects/SSP/apache-tomcat-10.1.50/webapps/examples] has finished in [110] ms
17-Feb-2026 09:26:05.823 INFO [main] org.apache.catalina.startup.HostConfig.deployDirectory Deploying web application directory [/home/psw/Projects/SSP/apache-tomcat-10.1.50/webapps/host-manager]
17-Feb-2026 09:26:05.838 INFO [main] org.apache.catalina.startup.HostConfig.deployDirectory Deployment of web application directory [/home/psw/Projects/SSP/apache-tomcat-10.1.50/webapps/host-manager] has finished in [15] ms
17-Feb-2026 09:26:05.839 INFO [main] org.apache.catalina.startup.HostConfig.deployDirectory Deploying web application directory [/home/psw/Projects/SSP/apache-tomcat-10.1.50/webapps/manager]
17-Feb-2026 09:26:05.849 INFO [main] org.apache.catalina.startup.HostConfig.deployDirectory Deployment of web application directory [/home/psw/Projects/SSP/apache-tomcat-10.1.50/webapps/manager] has finished in [10] ms
17-Feb-2026 09:26:05.849 INFO [main] org.apache.catalina.startup.HostConfig.deployDirectory Deploying web application directory [/home/psw/Projects/SSP/apache-tomcat-10.1.50/webapps/ServletProject]
17-Feb-2026 09:26:05.860 INFO [main] org.apache.catalina.startup.HostConfig.deployDirectory Deployment of web application directory [/home/psw/Projects/SSP/apache-tomcat-10.1.50/webapps/ServletProject] has finished in [11] ms
17-Feb-2026 09:26:05.860 INFO [main] org.apache.catalina.startup.HostConfig.deployDirectory Deploying web application directory [/home/psw/Projects/SSP/apache-tomcat-10.1.50/webapps/StudentForm]
17-Feb-2026 09:26:05.904 INFO [main] org.apache.jasper.servlet.TldScanner.scanJars At least one JAR was scanned for TLDs yet contained no TLDs. Enable debug logging for this logger for a complete list of JARs that were scanned but no TLDs were found in them. Skipping unneeded JARs during scanning can improve startup time and JSP compilation time.
17-Feb-2026 09:26:05.905 INFO [main] org.apache.catalina.startup.HostConfig.deployDirectory Deployment of web application directory [/home/psw/Projects/SSP/apache-tomcat-10.1.50/webapps/StudentForm] has finished in [45] ms
17-Feb-2026 09:26:05.908 INFO [main] org.apache.coyote.AbstractProtocol.start Starting ProtocolHandler ["http-nio-8081"]
17-Feb-2026 09:26:05.915 INFO [main] org.apache.catalina.startup.Catalina.start Server startup in [558] milliseconds
17-Feb-2026 09:31:26.026 INFO [main] org.apache.catalina.core.StandardServer.await A valid shutdown command was received via the shutdown port. Stopping the Server instance.
17-Feb-2026 09:31:26.027 INFO [main] org.apache.coyote.AbstractProtocol.pause Pausing ProtocolHandler ["http-nio-8081"]
17-Feb-2026 09:31:26.029 INFO [main] org.apache.catalina.core.StandardService.stopInternal Stopping service [Catalina]
17-Feb-2026 09:31:26.042 WARNING [main] org.apache.catalina.loader.WebappClassLoaderBase.clearReferencesJdbc The web application [logform3138] registered the JDBC driver [org.sqlite.JDBC] but failed to unregister it when the web application was stopped. To prevent a memory leak, the JDBC Driver has been forcibly unregistered.
17-Feb-2026 09:31:26.046 INFO [main] org.apache.coyote.AbstractProtocol.stop Stopping ProtocolHandler ["http-nio-8081"]
17-Feb-2026 09:31:26.052 INFO [main] org.apache.coyote.AbstractProtocol.destroy Destroying ProtocolHandler ["http-nio-8081"]
17-Feb-2026 09:31:27.252 INFO [main] org.apache.catalina.startup.VersionLoggerListener.log Server version name:   Apache Tomcat/10.1.50
17-Feb-2026 09:31:27.254 INFO [main] org.apache.catalina.startup.VersionLoggerListener.log Server built:          Dec 2 2025 22:57:41 UTC
17-Feb-2026 09:31:27.255 INFO [main] org.apache.catalina.startup.VersionLoggerListener.log Server version number: 10.1.50.0
17-Feb-2026 09:31:27.255 INFO [main] org.apache.catalina.startup.VersionLoggerListener.log OS Name:               Linux
17-Feb-2026 09:31:27.255 INFO [main] org.apache.catalina.startup.VersionLoggerListener.log OS Version:            6.18.7-200.nobara.fc43.x86_64
17-Feb-2026 09:31:27.255 INFO [main] org.apache.catalina.startup.VersionLoggerListener.log Architecture:          amd64
17-Feb-2026 09:31:27.255 INFO [main] org.apache.catalina.startup.VersionLoggerListener.log Java Home:             /usr/lib/jvm/java-25-openjdk
17-Feb-2026 09:31:27.255 INFO [main] org.apache.catalina.startup.VersionLoggerListener.log JVM Version:           25.0.1+8
17-Feb-2026 09:31:27.255 INFO [main] org.apache.catalina.startup.VersionLoggerListener.log JVM Vendor:            Red Hat, Inc.
17-Feb-2026 09:31:27.255 INFO [main] org.apache.catalina.startup.VersionLoggerListener.log CATALINA_BASE:         /home/psw/Projects/SSP/apache-tomcat-10.1.50
17-Feb-2026 09:31:27.255 INFO [main] org.apache.catalina.startup.VersionLoggerListener.log CATALINA_HOME:         /home/psw/Projects/SSP/apache-tomcat-10.1.50
17-Feb-2026 09:31:27.262 INFO [main] org.apache.catalina.startup.VersionLoggerListener.log Command line argument: -Djava.util.logging.config.file=/home/psw/Projects/SSP/apache-tomcat-10.1.50/conf/logging.properties
17-Feb-2026 09:31:27.262 INFO [main] org.apache.catalina.startup.VersionLoggerListener.log Command line argument: -Djava.util.logging.manager=org.apache.juli.ClassLoaderLogManager
17-Feb-2026 09:31:27.262 INFO [main] org.apache.catalina.startup.VersionLoggerListener.log Command line argument: -Djdk.tls.ephemeralDHKeySize=2048
17-Feb-2026 09:31:27.262 INFO [main] org.apache.catalina.startup.VersionLoggerListener.log Command line argument: -Djava.protocol.handler.pkgs=org.apache.catalina.webresources
17-Feb-2026 09:31:27.262 INFO [main] org.apache.catalina.startup.VersionLoggerListener.log Command line argument: -Dsun.io.useCanonCaches=false
17-Feb-2026 09:31:27.262 INFO [main] org.apache.catalina.startup.VersionLoggerListener.log Command line argument: -Dorg.apache.catalina.security.SecurityListener.UMASK=0027
17-Feb-2026 09:31:27.262 INFO [main] org.apache.catalina.startup.VersionLoggerListener.log Command line argument: --add-opens=java.base/java.lang=ALL-UNNAMED
17-Feb-2026 09:31:27.262 INFO [main] org.apache.catalina.startup.VersionLoggerListener.log Command line argument: --add-opens=java.base/java.lang.reflect=ALL-UNNAMED
17-Feb-2026 09:31:27.262 INFO [main] org.apache.catalina.startup.VersionLoggerListener.log Command line argument: --add-opens=java.base/java.io=ALL-UNNAMED
17-Feb-2026 09:31:27.262 INFO [main] org.apache.catalina.startup.VersionLoggerListener.log Command line argument: --add-opens=java.base/java.util=ALL-UNNAMED
17-Feb-2026 09:31:27.262 INFO [main] org.apache.catalina.startup.VersionLoggerListener.log Command line argument: --add-opens=java.base/java.util.concurrent=ALL-UNNAMED
17-Feb-2026 09:31:27.262 INFO [main] org.apache.catalina.startup.VersionLoggerListener.log Command line argument: --add-opens=java.rmi/sun.rmi.transport=ALL-UNNAMED
17-Feb-2026 09:31:27.262 INFO [main] org.apache.catalina.startup.VersionLoggerListener.log Command line argument: -Dcatalina.base=/home/psw/Projects/SSP/apache-tomcat-10.1.50
17-Feb-2026 09:31:27.262 INFO [main] org.apache.catalina.startup.VersionLoggerListener.log Command line argument: -Dcatalina.home=/home/psw/Projects/SSP/apache-tomcat-10.1.50
17-Feb-2026 09:31:27.263 INFO [main] org.apache.catalina.startup.VersionLoggerListener.log Command line argument: -Djava.io.tmpdir=/home/psw/Projects/SSP/apache-tomcat-10.1.50/temp
17-Feb-2026 09:31:27.264 INFO [main] org.apache.catalina.core.AprLifecycleListener.lifecycleEvent The Apache Tomcat Native library which allows using OpenSSL was not found on the java.library.path: [/usr/java/packages/lib:/usr/lib64:/lib64:/lib:/usr/lib]
17-Feb-2026 09:31:27.421 INFO [main] org.apache.coyote.AbstractProtocol.init Initializing ProtocolHandler ["http-nio-8080"]
17-Feb-2026 09:31:27.435 INFO [main] org.apache.catalina.startup.Catalina.load Server initialization in [283] milliseconds
17-Feb-2026 09:31:27.456 INFO [main] org.apache.catalina.core.StandardService.startInternal Starting service [Catalina]
17-Feb-2026 09:31:27.456 INFO [main] org.apache.catalina.core.StandardEngine.startInternal Starting Servlet engine: [Apache Tomcat/10.1.50]
17-Feb-2026 09:31:27.467 INFO [main] org.apache.catalina.startup.HostConfig.deployWAR Deploying web application archive [/home/psw/Projects/SSP/apache-tomcat-10.1.50/webapps/logform3138.war]
17-Feb-2026 09:31:27.621 INFO [main] org.apache.jasper.servlet.TldScanner.scanJars At least one JAR was scanned for TLDs yet contained no TLDs. Enable debug logging for this logger for a complete list of JARs that were scanned but no TLDs were found in them. Skipping unneeded JARs during scanning can improve startup time and JSP compilation time.
17-Feb-2026 09:31:27.752 INFO [main] org.apache.catalina.startup.HostConfig.deployWAR Deployment of web application archive [/home/psw/Projects/SSP/apache-tomcat-10.1.50/webapps/logform3138.war] has finished in [283] ms
17-Feb-2026 09:31:27.753 INFO [main] org.apache.catalina.startup.HostConfig.deployDirectory Deploying web application directory [/home/psw/Projects/SSP/apache-tomcat-10.1.50/webapps/ROOT]
17-Feb-2026 09:31:27.762 INFO [main] org.apache.catalina.startup.HostConfig.deployDirectory Deployment of web application directory [/home/psw/Projects/SSP/apache-tomcat-10.1.50/webapps/ROOT] has finished in [10] ms
17-Feb-2026 09:31:27.762 INFO [main] org.apache.catalina.startup.HostConfig.deployDirectory Deploying web application directory [/home/psw/Projects/SSP/apache-tomcat-10.1.50/webapps/docs]
17-Feb-2026 09:31:27.773 INFO [main] org.apache.catalina.startup.HostConfig.deployDirectory Deployment of web application directory [/home/psw/Projects/SSP/apache-tomcat-10.1.50/webapps/docs] has finished in [11] ms
17-Feb-2026 09:31:27.773 INFO [main] org.apache.catalina.startup.HostConfig.deployDirectory Deploying web application directory [/home/psw/Projects/SSP/apache-tomcat-10.1.50/webapps/examples]
17-Feb-2026 09:31:27.878 INFO [main] org.apache.catalina.startup.HostConfig.deployDirectory Deployment of web application directory [/home/psw/Projects/SSP/apache-tomcat-10.1.50/webapps/examples] has finished in [105] ms
17-Feb-2026 09:31:27.878 INFO [main] org.apache.catalina.startup.HostConfig.deployDirectory Deploying web application directory [/home/psw/Projects/SSP/apache-tomcat-10.1.50/webapps/host-manager]
17-Feb-2026 09:31:27.894 INFO [main] org.apache.catalina.startup.HostConfig.deployDirectory Deployment of web application directory [/home/psw/Projects/SSP/apache-tomcat-10.1.50/webapps/host-manager] has finished in [16] ms
17-Feb-2026 09:31:27.894 INFO [main] org.apache.catalina.startup.HostConfig.deployDirectory Deploying web application directory [/home/psw/Projects/SSP/apache-tomcat-10.1.50/webapps/manager]
17-Feb-2026 09:31:27.903 INFO [main] org.apache.catalina.startup.HostConfig.deployDirectory Deployment of web application directory [/home/psw/Projects/SSP/apache-tomcat-10.1.50/webapps/manager] has finished in [9] ms
17-Feb-2026 09:31:27.903 INFO [main] org.apache.catalina.startup.HostConfig.deployDirectory Deploying web application directory [/home/psw/Projects/SSP/apache-tomcat-10.1.50/webapps/ServletProject]
17-Feb-2026 09:31:27.913 INFO [main] org.apache.catalina.startup.HostConfig.deployDirectory Deployment of web application directory [/home/psw/Projects/SSP/apache-tomcat-10.1.50/webapps/ServletProject] has finished in [10] ms
17-Feb-2026 09:31:27.913 INFO [main] org.apache.catalina.startup.HostConfig.deployDirectory Deploying web application directory [/home/psw/Projects/SSP/apache-tomcat-10.1.50/webapps/StudentForm]
17-Feb-2026 09:31:27.946 INFO [main] org.apache.jasper.servlet.TldScanner.scanJars At least one JAR was scanned for TLDs yet contained no TLDs. Enable debug logging for this logger for a complete list of JARs that were scanned but no TLDs were found in them. Skipping unneeded JARs during scanning can improve startup time and JSP compilation time.
17-Feb-2026 09:31:27.948 INFO [main] org.apache.catalina.startup.HostConfig.deployDirectory Deployment of web application directory [/home/psw/Projects/SSP/apache-tomcat-10.1.50/webapps/StudentForm] has finished in [34] ms
17-Feb-2026 09:31:27.950 INFO [main] org.apache.coyote.AbstractProtocol.start Starting ProtocolHandler ["http-nio-8080"]
17-Feb-2026 09:31:27.958 INFO [main] org.apache.catalina.startup.Catalina.start Server startup in [521] milliseconds
17-Feb-2026 09:35:48.930 INFO [main] org.apache.catalina.startup.VersionLoggerListener.log Server version name:   Apache Tomcat/10.1.50
17-Feb-2026 09:35:48.932 INFO [main] org.apache.catalina.startup.VersionLoggerListener.log Server built:          Dec 2 2025 22:57:41 UTC
17-Feb-2026 09:35:48.932 INFO [main] org.apache.catalina.startup.VersionLoggerListener.log Server version number: 10.1.50.0
17-Feb-2026 09:35:48.932 INFO [main] org.apache.catalina.startup.VersionLoggerListener.log OS Name:               Linux
17-Feb-2026 09:35:48.932 INFO [main] org.apache.catalina.startup.VersionLoggerListener.log OS Version:            6.18.7-200.nobara.fc43.x86_64
17-Feb-2026 09:35:48.932 INFO [main] org.apache.catalina.startup.VersionLoggerListener.log Architecture:          amd64
17-Feb-2026 09:35:48.932 INFO [main] org.apache.catalina.startup.VersionLoggerListener.log Java Home:             /usr/lib/jvm/java-25-openjdk
17-Feb-2026 09:35:48.932 INFO [main] org.apache.catalina.startup.VersionLoggerListener.log JVM Version:           25.0.1+8
17-Feb-2026 09:35:48.932 INFO [main] org.apache.catalina.startup.VersionLoggerListener.log JVM Vendor:            Red Hat, Inc.
17-Feb-2026 09:35:48.932 INFO [main] org.apache.catalina.startup.VersionLoggerListener.log CATALINA_BASE:         /home/psw/Projects/SSP/apache-tomcat-10.1.50
17-Feb-2026 09:35:48.933 INFO [main] org.apache.catalina.startup.VersionLoggerListener.log CATALINA_HOME:         /home/psw/Projects/SSP/apache-tomcat-10.1.50
17-Feb-2026 09:35:48.937 INFO [main] org.apache.catalina.startup.VersionLoggerListener.log Command line argument: -Djava.util.logging.config.file=/home/psw/Projects/SSP/apache-tomcat-10.1.50/conf/logging.properties
17-Feb-2026 09:35:48.937 INFO [main] org.apache.catalina.startup.VersionLoggerListener.log Command line argument: -Djava.util.logging.manager=org.apache.juli.ClassLoaderLogManager
17-Feb-2026 09:35:48.938 INFO [main] org.apache.catalina.startup.VersionLoggerListener.log Command line argument: -Djdk.tls.ephemeralDHKeySize=2048
17-Feb-2026 09:35:48.938 INFO [main] org.apache.catalina.startup.VersionLoggerListener.log Command line argument: -Djava.protocol.handler.pkgs=org.apache.catalina.webresources
17-Feb-2026 09:35:48.938 INFO [main] org.apache.catalina.startup.VersionLoggerListener.log Command line argument: -Dsun.io.useCanonCaches=false
17-Feb-2026 09:35:48.938 INFO [main] org.apache.catalina.startup.VersionLoggerListener.log Command line argument: -Dorg.apache.catalina.security.SecurityListener.UMASK=0027
17-Feb-2026 09:35:48.938 INFO [main] org.apache.catalina.startup.VersionLoggerListener.log Command line argument: --add-opens=java.base/java.lang=ALL-UNNAMED
17-Feb-2026 09:35:48.938 INFO [main] org.apache.catalina.startup.VersionLoggerListener.log Command line argument: --add-opens=java.base/java.lang.reflect=ALL-UNNAMED
17-Feb-2026 09:35:48.938 INFO [main] org.apache.catalina.startup.VersionLoggerListener.log Command line argument: --add-opens=java.base/java.io=ALL-UNNAMED
17-Feb-2026 09:35:48.938 INFO [main] org.apache.catalina.startup.VersionLoggerListener.log Command line argument: --add-opens=java.base/java.util=ALL-UNNAMED
17-Feb-2026 09:35:48.938 INFO [main] org.apache.catalina.startup.VersionLoggerListener.log Command line argument: --add-opens=java.base/java.util.concurrent=ALL-UNNAMED
17-Feb-2026 09:35:48.938 INFO [main] org.apache.catalina.startup.VersionLoggerListener.log Command line argument: --add-opens=java.rmi/sun.rmi.transport=ALL-UNNAMED
17-Feb-2026 09:35:48.938 INFO [main] org.apache.catalina.startup.VersionLoggerListener.log Command line argument: -Dcatalina.base=/home/psw/Projects/SSP/apache-tomcat-10.1.50
17-Feb-2026 09:35:48.938 INFO [main] org.apache.catalina.startup.VersionLoggerListener.log Command line argument: -Dcatalina.home=/home/psw/Projects/SSP/apache-tomcat-10.1.50
17-Feb-2026 09:35:48.938 INFO [main] org.apache.catalina.startup.VersionLoggerListener.log Command line argument: -Djava.io.tmpdir=/home/psw/Projects/SSP/apache-tomcat-10.1.50/temp
17-Feb-2026 09:35:48.939 INFO [main] org.apache.catalina.core.AprLifecycleListener.lifecycleEvent The Apache Tomcat Native library which allows using OpenSSL was not found on the java.library.path: [/usr/java/packages/lib:/usr/lib64:/lib64:/lib:/usr/lib]
17-Feb-2026 09:35:49.082 INFO [main] org.apache.coyote.AbstractProtocol.init Initializing ProtocolHandler ["http-nio-8080"]
17-Feb-2026 09:35:49.089 SEVERE [main] org.apache.catalina.util.LifecycleBase.handleSubClassException Failed to initialize component [Connector["http-nio-8080"]]
	org.apache.catalina.LifecycleException: Protocol handler initialization failed
		at org.apache.catalina.connector.Connector.initInternal(Connector.java:1084)
		at org.apache.catalina.util.LifecycleBase.init(LifecycleBase.java:122)
		at org.apache.catalina.core.StandardService.initInternal(StandardService.java:520)
		at org.apache.catalina.util.LifecycleBase.init(LifecycleBase.java:122)
		at org.apache.catalina.core.StandardServer.initInternal(StandardServer.java:955)
		at org.apache.catalina.util.LifecycleBase.init(LifecycleBase.java:122)
		at org.apache.catalina.startup.Catalina.load(Catalina.java:709)
		at org.apache.catalina.startup.Catalina.load(Catalina.java:732)
		at java.base/jdk.internal.reflect.DirectMethodHandleAccessor.invoke(DirectMethodHandleAccessor.java:104)
		at java.base/java.lang.reflect.Method.invoke(Method.java:565)
		at org.apache.catalina.startup.Bootstrap.load(Bootstrap.java:299)
		at org.apache.catalina.startup.Bootstrap.main(Bootstrap.java:472)
	Caused by: java.net.BindException: Address already in use
		at java.base/sun.nio.ch.Net.bind0(Native Method)
		at java.base/sun.nio.ch.Net.bind(Net.java:522)
		at java.base/sun.nio.ch.ServerSocketChannelImpl.netBind(ServerSocketChannelImpl.java:335)
		at java.base/sun.nio.ch.ServerSocketChannelImpl.bind(ServerSocketChannelImpl.java:297)
		at org.apache.tomcat.util.net.NioEndpoint.initServerSocket(NioEndpoint.java:264)
		at org.apache.tomcat.util.net.NioEndpoint.bind(NioEndpoint.java:219)
		at org.apache.tomcat.util.net.AbstractEndpoint.bindWithCleanup(AbstractEndpoint.java:1431)
		at org.apache.tomcat.util.net.AbstractEndpoint.init(AbstractEndpoint.java:1444)
		at org.apache.coyote.AbstractProtocol.init(AbstractProtocol.java:633)
		at org.apache.coyote.http11.AbstractHttp11Protocol.init(AbstractHttp11Protocol.java:82)
		at org.apache.catalina.connector.Connector.initInternal(Connector.java:1082)
		... 11 more
17-Feb-2026 09:35:49.090 INFO [main] org.apache.catalina.startup.Catalina.load Server initialization in [254] milliseconds
17-Feb-2026 09:35:49.109 INFO [main] org.apache.catalina.core.StandardService.startInternal Starting service [Catalina]
17-Feb-2026 09:35:49.109 INFO [main] org.apache.catalina.core.StandardEngine.startInternal Starting Servlet engine: [Apache Tomcat/10.1.50]
17-Feb-2026 09:35:49.121 INFO [main] org.apache.catalina.startup.HostConfig.deployWAR Deploying web application archive [/home/psw/Projects/SSP/apache-tomcat-10.1.50/webapps/logform3138.war]
17-Feb-2026 09:35:49.285 INFO [main] org.apache.jasper.servlet.TldScanner.scanJars At least one JAR was scanned for TLDs yet contained no TLDs. Enable debug logging for this logger for a complete list of JARs that were scanned but no TLDs were found in them. Skipping unneeded JARs during scanning can improve startup time and JSP compilation time.
17-Feb-2026 09:35:49.412 INFO [main] org.apache.catalina.startup.HostConfig.deployWAR Deployment of web application archive [/home/psw/Projects/SSP/apache-tomcat-10.1.50/webapps/logform3138.war] has finished in [289] ms
17-Feb-2026 09:35:49.413 INFO [main] org.apache.catalina.startup.HostConfig.deployDirectory Deploying web application directory [/home/psw/Projects/SSP/apache-tomcat-10.1.50/webapps/ROOT]
17-Feb-2026 09:35:49.424 INFO [main] org.apache.catalina.startup.HostConfig.deployDirectory Deployment of web application directory [/home/psw/Projects/SSP/apache-tomcat-10.1.50/webapps/ROOT] has finished in [11] ms
17-Feb-2026 09:35:49.424 INFO [main] org.apache.catalina.startup.HostConfig.deployDirectory Deploying web application directory [/home/psw/Projects/SSP/apache-tomcat-10.1.50/webapps/docs]
17-Feb-2026 09:35:49.440 INFO [main] org.apache.catalina.startup.HostConfig.deployDirectory Deployment of web application directory [/home/psw/Projects/SSP/apache-tomcat-10.1.50/webapps/docs] has finished in [16] ms
17-Feb-2026 09:35:49.441 INFO [main] org.apache.catalina.startup.HostConfig.deployDirectory Deploying web application directory [/home/psw/Projects/SSP/apache-tomcat-10.1.50/webapps/examples]
17-Feb-2026 09:35:49.549 INFO [main] org.apache.catalina.startup.HostConfig.deployDirectory Deployment of web application directory [/home/psw/Projects/SSP/apache-tomcat-10.1.50/webapps/examples] has finished in [108] ms
17-Feb-2026 09:35:49.550 INFO [main] org.apache.catalina.startup.HostConfig.deployDirectory Deploying web application directory [/home/psw/Projects/SSP/apache-tomcat-10.1.50/webapps/host-manager]
17-Feb-2026 09:35:49.563 INFO [main] org.apache.catalina.startup.HostConfig.deployDirectory Deployment of web application directory [/home/psw/Projects/SSP/apache-tomcat-10.1.50/webapps/host-manager] has finished in [13] ms
17-Feb-2026 09:35:49.563 INFO [main] org.apache.catalina.startup.HostConfig.deployDirectory Deploying web application directory [/home/psw/Projects/SSP/apache-tomcat-10.1.50/webapps/manager]
17-Feb-2026 09:35:49.575 INFO [main] org.apache.catalina.startup.HostConfig.deployDirectory Deployment of web application directory [/home/psw/Projects/SSP/apache-tomcat-10.1.50/webapps/manager] has finished in [12] ms
17-Feb-2026 09:35:49.575 INFO [main] org.apache.catalina.startup.HostConfig.deployDirectory Deploying web application directory [/home/psw/Projects/SSP/apache-tomcat-10.1.50/webapps/ServletProject]
17-Feb-2026 09:35:49.587 INFO [main] org.apache.catalina.startup.HostConfig.deployDirectory Deployment of web application directory [/home/psw/Projects/SSP/apache-tomcat-10.1.50/webapps/ServletProject] has finished in [12] ms
17-Feb-2026 09:35:49.588 INFO [main] org.apache.catalina.startup.HostConfig.deployDirectory Deploying web application directory [/home/psw/Projects/SSP/apache-tomcat-10.1.50/webapps/StudentForm]
17-Feb-2026 09:35:49.633 INFO [main] org.apache.jasper.servlet.TldScanner.scanJars At least one JAR was scanned for TLDs yet contained no TLDs. Enable debug logging for this logger for a complete list of JARs that were scanned but no TLDs were found in them. Skipping unneeded JARs during scanning can improve startup time and JSP compilation time.
17-Feb-2026 09:35:49.634 INFO [main] org.apache.catalina.startup.HostConfig.deployDirectory Deployment of web application directory [/home/psw/Projects/SSP/apache-tomcat-10.1.50/webapps/StudentForm] has finished in [46] ms
17-Feb-2026 09:35:49.637 INFO [main] org.apache.catalina.startup.Catalina.start Server startup in [546] milliseconds
17-Feb-2026 09:35:49.639 SEVERE [main] org.apache.catalina.core.StandardServer.await Failed to create server shutdown socket on address [localhost] and port [8005] (base port [8005] and offset [0])
	java.net.BindException: Address already in use
		at java.base/sun.nio.ch.Net.bind0(Native Method)
		at java.base/sun.nio.ch.Net.bind(Net.java:522)
		at java.base/sun.nio.ch.Net.bind(Net.java:511)
		at java.base/sun.nio.ch.NioSocketImpl.bind(NioSocketImpl.java:641)
		at java.base/java.net.ServerSocket.bind(ServerSocket.java:326)
		at java.base/java.net.ServerSocket.<init>(ServerSocket.java:222)
		at org.apache.catalina.core.StandardServer.await(StandardServer.java:531)
		at org.apache.catalina.startup.Catalina.await(Catalina.java:848)
		at org.apache.catalina.startup.Catalina.start(Catalina.java:796)
		at java.base/jdk.internal.reflect.DirectMethodHandleAccessor.invoke(DirectMethodHandleAccessor.java:104)
		at java.base/java.lang.reflect.Method.invoke(Method.java:565)
		at org.apache.catalina.startup.Bootstrap.start(Bootstrap.java:342)
		at org.apache.catalina.startup.Bootstrap.main(Bootstrap.java:473)
17-Feb-2026 09:35:49.640 INFO [main] org.apache.coyote.AbstractProtocol.pause Pausing ProtocolHandler ["http-nio-8080"]
17-Feb-2026 09:35:49.640 INFO [main] org.apache.catalina.core.StandardService.stopInternal Stopping service [Catalina]
17-Feb-2026 09:35:49.655 WARNING [main] org.apache.catalina.loader.WebappClassLoaderBase.clearReferencesJdbc The web application [logform3138] registered the JDBC driver [org.sqlite.JDBC] but failed to unregister it when the web application was stopped. To prevent a memory leak, the JDBC Driver has been forcibly unregistered.
17-Feb-2026 09:35:49.658 INFO [main] org.apache.coyote.AbstractProtocol.stop Stopping ProtocolHandler ["http-nio-8080"]
17-Feb-2026 09:35:49.659 INFO [main] org.apache.coyote.AbstractProtocol.destroy Destroying ProtocolHandler ["http-nio-8080"]
17-Feb-2026 10:07:11.061 INFO [Thread-1] org.apache.coyote.AbstractProtocol.pause Pausing ProtocolHandler ["http-nio-8080"]
17-Feb-2026 10:07:11.101 INFO [Thread-1] org.apache.catalina.core.StandardService.stopInternal Stopping service [Catalina]
17-Feb-2026 10:07:11.165 WARNING [Thread-1] org.apache.catalina.loader.WebappClassLoaderBase.clearReferencesJdbc The web application [logform3138] registered the JDBC driver [org.sqlite.JDBC] but failed to unregister it when the web application was stopped. To prevent a memory leak, the JDBC Driver has been forcibly unregistered.
17-Feb-2026 10:07:11.168 INFO [Thread-1] org.apache.coyote.AbstractProtocol.stop Stopping ProtocolHandler ["http-nio-8080"]
17-Feb-2026 10:07:11.179 INFO [Thread-1] org.apache.coyote.AbstractProtocol.destroy Destroying ProtocolHandler ["http-nio-8080"]
