17-Feb-2026 09:05:00.362 INFO [main] org.apache.catalina.core.ApplicationContext.log ContextListener: contextInitialized()
17-Feb-2026 09:05:00.363 INFO [main] org.apache.catalina.core.ApplicationContext.log SessionListener: contextInitialized()
17-Feb-2026 09:05:00.363 INFO [main] org.apache.catalina.core.ApplicationContext.log ContextListener: attributeAdded('StockTicker', 'async.Stockticker@6fff253c')
17-Feb-2026 09:10:48.086 INFO [main] org.apache.catalina.core.ApplicationContext.log SessionListener: contextDestroyed()
17-Feb-2026 09:10:48.086 INFO [main] org.apache.catalina.core.ApplicationContext.log ContextListener: contextDestroyed()
17-Feb-2026 09:10:49.856 INFO [main] org.apache.catalina.core.ApplicationContext.log ContextListener: contextInitialized()
17-Feb-2026 09:10:49.856 INFO [main] org.apache.catalina.core.ApplicationContext.log SessionListener: contextInitialized()
17-Feb-2026 09:10:49.856 INFO [main] org.apache.catalina.core.ApplicationContext.log ContextListener: attributeAdded('StockTicker', 'async.Stockticker@4a8a60bc')
17-Feb-2026 09:25:25.069 INFO [main] org.apache.catalina.core.ApplicationContext.log SessionListener: contextDestroyed()
17-Feb-2026 09:25:25.069 INFO [main] org.apache.catalina.core.ApplicationContext.log ContextListener: contextDestroyed()
17-Feb-2026 09:25:26.949 INFO [main] org.apache.catalina.core.ApplicationContext.log ContextListener: contextInitialized()
17-Feb-2026 09:25:26.949 INFO [main] org.apache.catalina.core.ApplicationContext.log SessionListener: contextInitialized()
17-Feb-2026 09:25:26.950 INFO [main] org.apache.catalina.core.ApplicationContext.log ContextListener: attributeAdded('StockTicker', 'async.Stockticker@7d373bcf')
17-Feb-2026 09:26:03.970 INFO [main] org.apache.catalina.core.ApplicationContext.log SessionListener: contextDestroyed()
17-Feb-2026 09:26:03.970 INFO [main] org.apache.catalina.core.ApplicationContext.log ContextListener: contextDestroyed()
17-Feb-2026 09:26:05.817 INFO [main] org.apache.catalina.core.ApplicationContext.log ContextListener: contextInitialized()
17-Feb-2026 09:26:05.817 INFO [main] org.apache.catalina.core.ApplicationContext.log SessionListener: contextInitialized()
17-Feb-2026 09:26:05.818 INFO [main] org.apache.catalina.core.ApplicationContext.log ContextListener: attributeAdded('StockTicker', 'async.Stockticker@6d6bc158')
17-Feb-2026 09:31:26.036 INFO [main] org.apache.catalina.core.ApplicationContext.log SessionListener: contextDestroyed()
17-Feb-2026 09:31:26.036 INFO [main] org.apache.catalina.core.ApplicationContext.log ContextListener: contextDestroyed()
17-Feb-2026 09:31:27.873 INFO [main] org.apache.catalina.core.ApplicationContext.log ContextListener: contextInitialized()
17-Feb-2026 09:31:27.873 INFO [main] org.apache.catalina.core.ApplicationContext.log SessionListener: contextInitialized()
17-Feb-2026 09:31:27.874 INFO [main] org.apache.catalina.core.ApplicationContext.log ContextListener: attributeAdded('StockTicker', 'async.Stockticker@200a26bc')
17-Feb-2026 09:35:49.545 INFO [main] org.apache.catalina.core.ApplicationContext.log ContextListener: contextInitialized()
17-Feb-2026 09:35:49.545 INFO [main] org.apache.catalina.core.ApplicationContext.log SessionListener: contextInitialized()
17-Feb-2026 09:35:49.545 INFO [main] org.apache.catalina.core.ApplicationContext.log ContextListener: attributeAdded('StockTicker', 'async.Stockticker@466cf502')
17-Feb-2026 09:35:49.646 INFO [main] org.apache.catalina.core.ApplicationContext.log SessionListener: contextDestroyed()
17-Feb-2026 09:35:49.646 INFO [main] org.apache.catalina.core.ApplicationContext.log ContextListener: contextDestroyed()
17-Feb-2026 10:07:11.131 INFO [Thread-1] org.apache.catalina.core.ApplicationContext.log SessionListener: contextDestroyed()
17-Feb-2026 10:07:11.131 INFO [Thread-1] org.apache.catalina.core.ApplicationContext.log ContextListener: contextDestroyed()
